nohup: ignoring input
2017-10-23 14:18:06.079605: I tensorflow/core/common_runtime/gpu/gpu_device.cc:962] Found device 0 with properties: 
name: TITAN X (Pascal) major: 6 minor: 1 memoryClockRate(GHz): 1.531
pciBusID: 0000:82:00.0
totalMemory: 11.90GiB freeMemory: 11.61GiB
2017-10-23 14:18:08.322938: I tensorflow/core/common_runtime/gpu/gpu_device.cc:1052] Creating TensorFlow device (/device:GPU:0) -> (device: 0, name: TITAN X (Pascal), pci bus id: 0000:82:00.0, compute capability: 6.1)
WARNING:tensorflow:From /usr/local/lib/python2.7/dist-packages/tensorflow/python/util/tf_should_use.py:175: initialize_all_variables (from tensorflow.python.ops.variables) is deprecated and will be removed after 2017-03-02.
Instructions for updating:
Use `tf.global_variables_initializer` instead.
2017-10-23 14:18:34.469980: I tensorflow/core/common_runtime/gpu/gpu_device.cc:1052] Creating TensorFlow device (/device:GPU:0) -> (device: 0, name: TITAN X (Pascal), pci bus id: 0000:82:00.0, compute capability: 6.1)
ROLO init
Utils init
self.cfgPath=
train_30_2....
TRAINING ROLO...
Building ROLO graph...
Loading complete!

('_X: ', <tf.Tensor 'Reshape:0' shape=(3, 1, 4) dtype=float32>)
[3, 1, 4]
('output: ', <tf.Tensor 'rnn/TensorArrayStack/TensorArrayGatherV3:0' shape=(3, 1, 4) dtype=float32>)
('tf.get_variable_scope().reuse ', False)
('pred: ', <tf.Tensor 'rnn/TensorArrayStack/TensorArrayGatherV3:0' shape=(3, 1, 4) dtype=float32>)
('Batch_xs: ', array([[[364, 159, 105, 347],
        [165, 263, 110, 265],
        [161, 264, 116, 266]]]))
('Batch_ys: ', array([[ 0.51354167,  0.64296875,  0.19791667,  0.5078125 ]]))
('ROLO Pred: ', array([[ -7.61594176e-01,  -1.01245388e-36,   7.61594176e-01,
         -2.32119094e-20]], dtype=float32))
('ROLO Pred in pixel: ', -365.56520462036133, -6.4797048310978024e-34, 365.56520462036133, -1.4855621998151155e-17)
Iter 1, Minibatch Loss= 65.374649
2
('Batch_xs: ', array([[[165, 263, 110, 265],
        [161, 264, 116, 266],
        [158, 267, 122, 266]]]))
('Batch_ys: ', array([[ 0.51354167,  0.64140625,  0.19791667,  0.5078125 ]]))
('ROLO Pred: ', array([[ -7.61594176e-01,  -5.92896676e-10,   7.61594176e-01,
         -2.61783304e-34]], dtype=float32))
('ROLO Pred in pixel: ', -365.56520462036133, -3.7945387276749898e-07, 365.56520462036133, -1.6754131433805994e-31)
Iter 2, Minibatch Loss= 65.324471
3
('Batch_xs: ', array([[[161, 264, 116, 266],
        [158, 267, 122, 266],
        [154, 267, 129, 267]]]))
('Batch_ys: ', array([[ 0.51354167,  0.64140625,  0.19791667,  0.5078125 ]]))
('ROLO Pred: ', array([[ -7.61594176e-01,  -5.77129144e-09,   7.61594176e-01,
         -3.96756747e-33]], dtype=float32))
('ROLO Pred in pixel: ', -365.56520462036133, -3.6936265246367839e-06, 365.56520462036133, -2.5392431815332837e-30)
Iter 3, Minibatch Loss= 65.324471
4
('Batch_xs: ', array([[[158, 267, 122, 266],
        [154, 267, 129, 267],
        [151, 268, 134, 266]]]))
('Batch_ys: ', array([[ 0.51354167,  0.63984375,  0.19791667,  0.5078125 ]]))
('ROLO Pred: ', array([[ -7.61594176e-01,  -1.00555276e-07,   7.61594057e-01,
         -1.75658000e-32]], dtype=float32))
('ROLO Pred in pixel: ', -365.56520462036133, -6.4355376707680989e-05, 365.56514739990234, -1.1242111998382857e-29)
Iter 4, Minibatch Loss= 65.274429
5
('Batch_xs: ', array([[[154, 267, 129, 267],
        [151, 268, 134, 266],
        [131, 270, 150, 264]]]))
('Batch_ys: ', array([[ 0.515625  ,  0.63984375,  0.19791667,  0.5078125 ]]))
('ROLO Pred: ', array([[ -7.61594176e-01,  -1.19485378e-06,   7.61593699e-01,
         -6.74021643e-31]], dtype=float32))
('ROLO Pred in pixel: ', -365.56520462036133, -0.00076470641943160444, 365.56497573852539, -4.3137385145232953e-28)
Iter 5, Minibatch Loss= 65.407387
6
('Batch_xs: ', array([[[151, 268, 134, 266],
        [131, 270, 150, 264],
        [117, 270, 163, 264]]]))
('Batch_ys: ', array([[ 0.51770833,  0.63828125,  0.19791667,  0.5078125 ]]))
('ROLO Pred: ', array([[ -7.61594176e-01,  -1.48514700e-05,   7.61591375e-01,
         -4.72404660e-30]], dtype=float32))
('ROLO Pred in pixel: ', -365.56520462036133, -0.0095049408264458179, 365.5638599395752, -3.0233898268347059e-27)
Iter 6, Minibatch Loss= 65.490990
7
('Batch_xs: ', array([[[131, 270, 150, 264],
        [117, 270, 163, 264],
        [105, 265, 175, 263]]]))
('Batch_ys: ', array([[ 0.51979167,  0.63671875,  0.19791667,  0.5078125 ]]))
('ROLO Pred: ', array([[ -7.61594176e-01,  -5.43057844e-02,   7.51433253e-01,
         -1.92912853e-26]], dtype=float32))
('ROLO Pred in pixel: ', -365.56520462036133, -34.755702018737793, 360.68796157836914, -1.2346422584568795e-23)
Iter 7, Minibatch Loss= 67.084625
8
('Batch_xs: ', array([[[117, 270, 163, 264],
        [105, 265, 175, 263],
        [ 98, 260, 181, 266]]]))
('Batch_ys: ', array([[ 0.521875  ,  0.63671875,  0.19791667,  0.5078125 ]]))
('ROLO Pred: ', array([[ -7.61594176e-01,  -7.30990410e-01,   1.83317825e-01,
         -3.28367959e-23]], dtype=float32))
('ROLO Pred in pixel: ', -365.56520462036133, -467.8338623046875, 87.992556095123291, -2.101554935973969e-20)
Iter 8, Minibatch Loss= 94.389458
9
('Batch_xs: ', array([[[105, 265, 175, 263],
        [ 98, 260, 181, 266],
        [ 92, 258, 186, 273]]]))
('Batch_ys: ', array([[ 0.52604167,  0.63671875,  0.19791667,  0.5078125 ]]))
('ROLO Pred: ', array([[ -7.61594176e-01,  -7.61322975e-01,   4.77670645e-03,
         -3.03023581e-19]], dtype=float32))
('ROLO Pred in pixel: ', -365.56520462036133, -487.2467041015625, 2.2928190976381302, -1.9393509196018075e-16)
Iter 9, Minibatch Loss= 97.692551
10
('Batch_xs: ', array([[[ 98, 260, 181, 266],
        [ 92, 258, 186, 273],
        [363, 155, 109, 348]]]))
('Batch_ys: ', array([[ 0.528125  ,  0.63828125,  0.19791667,  0.5078125 ]]))
('ROLO Pred: ', array([[ -7.61594176e-01,  -7.61480510e-01,   1.69993227e-03,
         -1.65960542e-16]], dtype=float32))
('ROLO Pred in pixel: ', -365.56520462036133, -487.34752655029297, 0.81596748903393745, -1.0621474674180759e-13)
Iter 10, Minibatch Loss= 97.977051
11
('Batch_xs: ', array([[[ 92, 258, 186, 273],
        [363, 155, 109, 348],
        [ 90, 259, 189, 275]]]))
('Batch_ys: ', array([[ 0.53229167,  0.64140625,  0.19791667,  0.5078125 ]]))
('ROLO Pred: ', array([[ -7.61594176e-01,  -7.61416554e-01,   9.94252856e-04,
         -1.76847977e-14]], dtype=float32))
('ROLO Pred in pixel: ', -365.56520462036133, -487.30659484863281, 0.47724137082695961, -1.1318270539545372e-11)
Iter 11, Minibatch Loss= 98.467567
12
('Batch_xs: ', array([[[363, 155, 109, 348],
        [ 90, 259, 189, 275],
        [ 86, 261, 193, 277]]]))
('Batch_ys: ', array([[ 0.53645833,  0.64765625,  0.19791667,  0.5078125 ]]))
('ROLO Pred: ', array([[ -7.61594176e-01,  -1.62873338e-36,   7.61594176e-01,
         -1.20680368e-18]], dtype=float32))
('ROLO Pred in pixel: ', -365.56520462036133, -1.0423893602233374e-33, 365.56520462036133, -7.7235435363407395e-16)
Iter 12, Minibatch Loss= 67.000122
13
('Batch_xs: ', array([[[ 90, 259, 189, 275],
        [ 86, 261, 193, 277],
        [ 83, 265, 198, 279]]]))
('Batch_ys: ', array([[ 0.53854167,  0.65078125,  0.19791667,  0.5078125 ]]))
('ROLO Pred: ', array([[ -7.61594176e-01,  -7.61506200e-01,   4.53714980e-04,
         -6.27948824e-14]], dtype=float32))
('ROLO Pred in pixel: ', -365.56520462036133, -487.36396789550781, 0.21778319031000137, -4.0188724743928095e-11)
Iter 13, Minibatch Loss= 99.544350
14
('Batch_xs: ', array([[[ 86, 261, 193, 277],
        [ 83, 265, 198, 279],
        [ 85, 269, 199, 280]]]))
('Batch_ys: ', array([[ 0.54270833,  0.65234375,  0.19791667,  0.5078125 ]]))
('ROLO Pred: ', array([[ -7.61594176e-01,  -7.61572003e-01,   8.68725983e-05,
         -2.71112885e-13]], dtype=float32))
('ROLO Pred in pixel: ', -365.56520462036133, -487.40608215332031, 0.041698847198858857, -1.7351224623762818e-10)
Iter 14, Minibatch Loss= 99.934326
15
('Batch_xs: ', array([[[ 83, 265, 198, 279],
        [ 85, 269, 199, 280],
        [ 83, 270, 203, 281]]]))
('Batch_ys: ', array([[ 0.546875  ,  0.65078125,  0.19791667,  0.5078125 ]]))
('ROLO Pred: ', array([[ -7.61594176e-01,  -7.61591077e-01,   1.21530593e-05,
         -5.84292272e-13]], dtype=float32))
('ROLO Pred in pixel: ', -365.56520462036133, -487.41828918457031, 0.0058334684581495821, -3.739470538777212e-10)
Iter 15, Minibatch Loss= 100.098183
16
('Batch_xs: ', array([[[ 85, 269, 199, 280],
        [ 83, 270, 203, 281],
        [ 82, 271, 205, 282]]]))
('Batch_ys: ', array([[ 0.55104167,  0.64609375,  0.19791667,  0.5078125 ]]))
('ROLO Pred: ', array([[ -7.61594176e-01,  -7.61592388e-01,   8.97557493e-06,
         -1.05003286e-13]], dtype=float32))
('ROLO Pred in pixel: ', -365.56520462036133, -487.41912841796875, 0.0043082759657409042, -6.7202103257169021e-11)
Iter 16, Minibatch Loss= 100.040855
17
('Batch_xs: ', array([[[ 83, 270, 203, 281],
        [ 82, 271, 205, 282],
        [ 82, 269, 203, 283]]]))
('Batch_ys: ', array([[ 0.553125  ,  0.63984375,  0.19791667,  0.5078125 ]]))
('ROLO Pred: ', array([[ -7.61594176e-01,  -7.61593699e-01,   2.90990533e-06,
         -5.16926183e-13]], dtype=float32))
('ROLO Pred in pixel: ', -365.56520462036133, -487.41996765136719, 0.0013967545601190068, -3.3083275702283643e-10)
Iter 17, Minibatch Loss= 99.738930
18
('Batch_xs: ', array([[[ 82, 271, 205, 282],
        [ 82, 269, 203, 283],
        [ 82, 267, 202, 284]]]))
('Batch_ys: ', array([[ 0.55729167,  0.63203125,  0.19791667,  0.5078125 ]]))
('ROLO Pred: ', array([[ -7.61594176e-01,  -7.61593878e-01,   1.61356422e-06,
         -9.42210285e-13]], dtype=float32))
('ROLO Pred in pixel: ', -365.56520462036133, -487.42008209228516, 0.00077451082688639872, -6.0301458271183606e-10)
Iter 18, Minibatch Loss= 99.467377
19
('Batch_xs: ', array([[[ 82, 269, 203, 283],
        [ 82, 267, 202, 284],
        [ 82, 265, 201, 284]]]))
('Batch_ys: ', array([[ 0.55729167,  0.62421875,  0.19791667,  0.5078125 ]]))
('ROLO Pred: ', array([[ -7.61594176e-01,  -7.61593163e-01,   4.09986842e-06,
         -1.19407706e-12]], dtype=float32))
('ROLO Pred in pixel: ', -365.56520462036133, -487.41962432861328, 0.0019679368415381759, -7.6420932082488235e-10)
Iter 19, Minibatch Loss= 98.924431
20
('Batch_xs: ', array([[[ 82, 267, 202, 284],
        [ 82, 265, 201, 284],
        [ 82, 263, 201, 284]]]))
('Batch_ys: ', array([[ 0.55520833,  0.61796875,  0.19791667,  0.5078125 ]]))
('ROLO Pred: ', array([[ -7.61594176e-01,  -7.61591434e-01,   8.76192098e-06,
         -2.32922796e-12]], dtype=float32))
('ROLO Pred in pixel: ', -365.56520462036133, -487.41851806640625, 0.0042057220707647502, -1.490705892059907e-09)
Iter 20, Minibatch Loss= 98.354904
21
('Batch_xs: ', array([[[ 82, 265, 201, 284],
        [ 82, 263, 201, 284],
        [365, 158, 108, 342]]]))
('Batch_ys: ', array([[ 0.54791667,  0.6109375 ,  0.2       ,  0.5125    ]]))
('ROLO Pred: ', array([[ -7.61594176e-01,  -7.61588812e-01,   1.54642312e-05,
         -4.09194727e-12]], dtype=float32))
('ROLO Pred in pixel: ', -365.56520462036133, -487.41683959960938, 0.0074228309676982462, -2.6188462509679766e-09)
Iter 21, Minibatch Loss= 97.532425
22
('Batch_xs: ', array([[[ 82, 263, 201, 284],
        [365, 158, 108, 342],
        [ 82, 267, 202, 284]]]))
('Batch_ys: ', array([[ 0.53854167,  0.60390625,  0.20208333,  0.5171875 ]]))
('ROLO Pred: ', array([[ -7.61594176e-01,  -7.61586845e-01,   2.36550950e-05,
         -1.10626395e-11]], dtype=float32))
('ROLO Pred in pixel: ', -365.56520462036133, -487.41558074951172, 0.01135444559622556, -7.0800892926214942e-09)
Iter 22, Minibatch Loss= 96.580894
23
('Batch_xs: ', array([[[365, 158, 108, 342],
        [ 82, 267, 202, 284],
        [ 83, 271, 202, 284]]]))
('Batch_ys: ', array([[ 0.53020833,  0.6       ,  0.20208333,  0.521875  ]]))
('ROLO Pred: ', array([[ -7.61594176e-01,  -1.17481254e-35,   7.61594176e-01,
         -7.22321447e-20]], dtype=float32))
('ROLO Pred in pixel: ', -365.56520462036133, -7.5188002816626931e-33, 365.56520462036133, -4.6228572583398991e-17)
Iter 23, Minibatch Loss= 65.353989
24
('Batch_xs: ', array([[[ 82, 267, 202, 284],
        [ 83, 271, 202, 284],
        [ 82, 271, 202, 287]]]))
('Batch_ys: ', array([[ 0.52708333,  0.59765625,  0.20416667,  0.5234375 ]]))
('ROLO Pred: ', array([[ -7.61594176e-01,  -7.61591434e-01,   8.75610749e-06,
         -2.32116518e-12]], dtype=float32))
('ROLO Pred in pixel: ', -365.56520462036133, -487.41851806640625, 0.0042029315955005586, -1.4855457142193274e-09)
Iter 24, Minibatch Loss= 95.597778
25
('Batch_xs: ', array([[[ 83, 271, 202, 284],
        [ 82, 271, 202, 287],
        [ 81, 266, 203, 289]]]))
('Batch_ys: ', array([[ 0.53229167,  0.6       ,  0.20625   ,  0.525     ]]))
('ROLO Pred: ', array([[ -7.61594176e-01,  -7.61592627e-01,   4.76024434e-06,
         -2.77908691e-13]], dtype=float32))
('ROLO Pred in pixel: ', -365.56520462036133, -487.41928100585938, 0.0022849172819405794, -1.7786156228383199e-10)
Iter 25, Minibatch Loss= 96.155930
26
('Batch_xs: ', array([[[ 82, 271, 202, 287],
        [ 81, 266, 203, 289],
        [ 83, 266, 202, 289]]]))
('Batch_ys: ', array([[ 0.53854167,  0.60546875,  0.20625   ,  0.5265625 ]]))
('ROLO Pred: ', array([[ -7.61594176e-01,  -7.61590183e-01,   6.46625540e-06,
         -4.32923201e-13]], dtype=float32))
('ROLO Pred in pixel: ', -365.56520462036133, -487.41771697998047, 0.0031038025917951018, -2.7707084890304934e-10)
Iter 26, Minibatch Loss= 96.975204
27
('Batch_xs: ', array([[[ 81, 266, 203, 289],
        [ 83, 266, 202, 289],
        [ 85, 269, 199, 288]]]))
('Batch_ys: ', array([[ 0.55      ,  0.6109375 ,  0.20833333,  0.528125  ]]))
('ROLO Pred: ', array([[ -7.61594176e-01,  -7.61582851e-01,   1.82997610e-05,
         -1.12571437e-11]], dtype=float32))
('ROLO Pred in pixel: ', -365.56520462036133, -487.41302490234375, 0.0087838852778077126, -7.2045719390345653e-09)
Iter 27, Minibatch Loss= 98.160065
28
('Batch_xs: ', array([[[ 83, 266, 202, 289],
        [ 85, 269, 199, 288],
        [ 86, 270, 197, 289]]]))
('Batch_ys: ', array([[ 0.55625   ,  0.615625  ,  0.20833333,  0.528125  ]]))
('ROLO Pred: ', array([[ -7.61594176e-01,  -7.61575222e-01,   3.52755887e-05,
         -5.61948361e-12]], dtype=float32))
('ROLO Pred in pixel: ', -365.56520462036133, -487.40814208984375, 0.016932282596826553, -3.5964695110912714e-09)
Iter 28, Minibatch Loss= 98.892441
29
('Batch_xs: ', array([[[ 85, 269, 199, 288],
        [ 86, 270, 197, 289],
        [ 88, 273, 194, 289]]]))
('Batch_ys: ', array([[ 0.56145833,  0.62109375,  0.21041667,  0.5296875 ]]))
('ROLO Pred: ', array([[ -7.61594176e-01,  -7.61565566e-01,   3.97116237e-05,
         -2.39620254e-13]], dtype=float32))
('ROLO Pred in pixel: ', -365.56520462036133, -487.40196228027344, 0.019061579369008541, -1.5335696254559217e-10)
Iter 29, Minibatch Loss= 99.676048
30
('Batch_xs: ', array([[[ 86, 270, 197, 289],
        [ 88, 273, 194, 289],
        [ 90, 276, 192, 289]]]))
('Batch_ys: ', array([[ 0.56041667,  0.625     ,  0.2125    ,  0.53125   ]]))
('ROLO Pred: ', array([[ -7.61594176e-01,  -7.61518359e-01,   6.63631654e-05,
         -5.97810443e-14]], dtype=float32))
('ROLO Pred in pixel: ', -365.56520462036133, -487.37174987792969, 0.031854319386184216, -3.8259868363754723e-11)
Iter 30, Minibatch Loss= 99.937500
31
('Batch_xs: ', array([[[ 88, 273, 194, 289],
        [ 90, 276, 192, 289],
        [ 92, 277, 191, 290]]]))
('Batch_ys: ', array([[ 0.55625   ,  0.63046875,  0.2125    ,  0.5328125 ]]))
('ROLO Pred: ', array([[ -7.61594176e-01,  -7.61433363e-01,   8.97419814e-05,
         -2.83074155e-15]], dtype=float32))
('ROLO Pred in pixel: ', -365.56520462036133, -487.31735229492188, 0.043076151050627232, -1.8116745896436942e-12)
Iter 31, Minibatch Loss= 100.077782
32
('Batch_xs: ', array([[[ 90, 276, 192, 289],
        [ 92, 277, 191, 290],
        [364, 158, 106, 337]]]))
('Batch_ys: ', array([[ 0.55520833,  0.634375  ,  0.21458333,  0.534375  ]]))
('ROLO Pred: ', array([[ -7.61594176e-01,  -7.61355758e-01,   1.04772254e-04,
         -2.06353002e-16]], dtype=float32))
('ROLO Pred in pixel: ', -365.56520462036133, -487.26768493652344, 0.050290682120248675, -1.3206592124146571e-13)
Iter 32, Minibatch Loss= 100.339767
33
('Batch_xs: ', array([[[ 92, 277, 191, 290],
        [364, 158, 106, 337],
        [ 96, 276, 187, 293]]]))
('Batch_ys: ', array([[ 0.55208333,  0.6359375 ,  0.21666667,  0.534375  ]]))
('ROLO Pred: ', array([[ -7.61594176e-01,  -7.61117101e-01,   1.97186862e-04,
         -6.95491275e-17]], dtype=float32))
('ROLO Pred in pixel: ', -365.56520462036133, -487.11494445800781, 0.094649693928658962, -4.4511441617777186e-14)
Iter 33, Minibatch Loss= 100.248131
34
('Batch_xs: ', array([[[364, 158, 106, 337],
        [ 96, 276, 187, 293],
        [ 99, 274, 183, 295]]]))
('Batch_ys: ', array([[ 0.55208333,  0.6359375 ,  0.21666667,  0.534375  ]]))
('ROLO Pred: ', array([[ -7.61594176e-01,  -3.35365640e-35,   7.61594176e-01,
         -2.03048009e-20]], dtype=float32))
('ROLO Pred in pixel: ', -365.56520462036133, -2.1463400942832073e-32, 365.56520462036133, -1.2995072563681303e-17)
Iter 34, Minibatch Loss= 67.816696
35
('Batch_xs: ', array([[[ 96, 276, 187, 293],
        [ 99, 274, 183, 295],
        [100, 273, 178, 297]]]))
('Batch_ys: ', array([[ 0.54895833,  0.63515625,  0.21458333,  0.5328125 ]]))
('ROLO Pred: ', array([[ -7.61594176e-01,  -7.52806723e-01,   2.09882343e-03,
         -1.64778894e-17]], dtype=float32))
('ROLO Pred in pixel: ', -365.56520462036133, -481.79630279541016, 1.0074352473020554, -1.054584924330929e-14)
Iter 35, Minibatch Loss= 99.324646
36
('Batch_xs: ', array([[[ 99, 274, 183, 295],
        [100, 273, 178, 297],
        [101, 272, 173, 298]]]))
('Batch_ys: ', array([[ 0.546875  ,  0.6296875 ,  0.21041667,  0.528125  ]]))
('ROLO Pred: ', array([[ -7.61594176e-01,  -6.51978850e-01,   1.73871666e-02,
         -6.60182856e-18]], dtype=float32))
('ROLO Pred in pixel: ', -365.56520462036133, -417.26646423339844, 8.3458399772644043, -4.225170276889493e-15)
Iter 36, Minibatch Loss= 91.740570
37
('Batch_xs: ', array([[[100, 273, 178, 297],
        [101, 272, 173, 298],
        [101, 269, 169, 301]]]))
('Batch_ys: ', array([[ 0.54375   ,  0.6234375 ,  0.20416667,  0.521875  ]]))
('ROLO Pred: ', array([[ -7.61594176e-01,  -2.15090349e-01,   7.57066384e-02,
         -1.35749820e-18]], dtype=float32))
('ROLO Pred in pixel: ', -365.56520462036133, -137.65782356262207, 36.339186429977417, -8.6879884849742868e-16)
Iter 37, Minibatch Loss= 67.349030
38
('Batch_xs: ', array([[[101, 272, 173, 298],
        [101, 269, 169, 301],
        [102, 266, 165, 303]]]))
('Batch_ys: ', array([[ 0.54166667,  0.61640625,  0.2       ,  0.5171875 ]]))
('ROLO Pred: ', array([[ -7.61594176e-01,  -2.68366020e-02,   2.30787903e-01,
         -2.51465620e-19]], dtype=float32))
('ROLO Pred in pixel: ', -365.56520462036133, -17.175425291061401, 110.77819347381592, -1.6093799705760343e-16)
Iter 38, Minibatch Loss= 59.511925
39
('Batch_xs: ', array([[[101, 269, 169, 301],
        [102, 266, 165, 303],
        [103, 260, 164, 309]]]))
('Batch_ys: ', array([[ 0.540625  ,  0.6109375 ,  0.19791667,  0.515625  ]]))
('ROLO Pred: ', array([[ -7.61594176e-01,  -1.46713853e-03,   5.46067834e-01,
         -2.72512869e-19]], dtype=float32))
('ROLO Pred in pixel: ', -365.56520462036133, -0.93896865844726562, 262.1125602722168, -1.7440823628633546e-16)
Iter 39, Minibatch Loss= 61.434521
40
('Batch_xs: ', array([[[102, 266, 165, 303],
        [103, 260, 164, 309],
        [101, 255, 165, 312]]]))
('Batch_ys: ', array([[ 0.54375   ,  0.60390625,  0.2       ,  0.5171875 ]]))
('ROLO Pred: ', array([[ -7.61594176e-01,  -1.01069789e-04,   7.16152489e-01,
         -2.33404907e-19]], dtype=float32))
('ROLO Pred in pixel: ', -365.56520462036133, -0.064684664830565453, 343.75319480895996, -1.4937914061390993e-16)
Iter 40, Minibatch Loss= 65.059593
41
('Batch_xs: ', array([[[103, 260, 164, 309],
        [101, 255, 165, 312],
        [ 98, 250, 168, 315]]]))
('Batch_ys: ', array([[ 0.54895833,  0.59609375,  0.20625   ,  0.5203125 ]]))
('ROLO Pred: ', array([[ -7.61594176e-01,  -3.24290772e-06,   7.58594811e-01,
         -4.92765057e-18]], dtype=float32))
('ROLO Pred in pixel: ', -365.56520462036133, -0.0020754609431605786, 364.12550926208496, -3.1536963626232605e-15)
Iter 41, Minibatch Loss= 66.216782
42
('Batch_xs: ', array([[[101, 255, 165, 312],
        [ 98, 250, 168, 315],
        [ 95, 246, 170, 318]]]))
('Batch_ys: ', array([[ 0.55625   ,  0.58828125,  0.2125    ,  0.5234375 ]]))
('ROLO Pred: ', array([[ -7.61594176e-01,  -8.74844545e-07,   7.60436296e-01,
         -1.62225563e-16]], dtype=float32))
('ROLO Pred in pixel: ', -365.56520462036133, -0.00055990050896070898, 365.00942230224609, -1.0382436047234964e-13)
Iter 42, Minibatch Loss= 66.425087
43
('Batch_xs: ', array([[[ 98, 250, 168, 315],
        [ 95, 246, 170, 318],
        [361, 160, 108, 333]]]))
('Batch_ys: ', array([[ 0.56354167,  0.58203125,  0.21875   ,  0.5265625 ]]))
('ROLO Pred: ', array([[ -7.61594176e-01,  -5.22645450e-07,   7.60827780e-01,
         -1.44241156e-14]], dtype=float32))
('ROLO Pred in pixel: ', -365.56520462036133, -0.00033449308830313385, 365.19733428955078, -9.2314339766169651e-12)
Iter 43, Minibatch Loss= 66.646461
44
('Batch_xs: ', array([[[ 95, 246, 170, 318],
        [361, 160, 108, 333],
        [ 94, 245, 170, 319]]]))
('Batch_ys: ', array([[ 0.57083333,  0.5796875 ,  0.22083333,  0.528125  ]]))
('ROLO Pred: ', array([[ -7.61594176e-01,  -2.56012953e-07,   7.61050403e-01,
         -5.06588640e-13]], dtype=float32))
('ROLO Pred in pixel: ', -365.56520462036133, -0.00016384828995796852, 365.3041934967041, -3.2421672985227801e-10)
Iter 44, Minibatch Loss= 67.053726
45
('Batch_xs: ', array([[[361, 160, 108, 333],
        [ 94, 245, 170, 319],
        [ 95, 246, 169, 316]]]))
('Batch_ys: ', array([[ 0.578125  ,  0.58046875,  0.21875   ,  0.5265625 ]]))
('ROLO Pred: ', array([[ -7.61594176e-01,  -4.37955446e-34,   7.61594176e-01,
         -1.72091404e-20]], dtype=float32))
('ROLO Pred in pixel: ', -365.56520462036133, -2.8029148516578961e-31, 365.56520462036133, -1.1013849885549153e-17)
Iter 45, Minibatch Loss= 67.593483
46
('Batch_xs: ', array([[[ 94, 245, 170, 319],
        [ 95, 246, 169, 316],
        [ 95, 247, 167, 312]]]))
('Batch_ys: ', array([[ 0.58958333,  0.58359375,  0.2125    ,  0.5234375 ]]))
('ROLO Pred: ', array([[ -7.61594176e-01,  -1.66587029e-07,   7.61117578e-01,
         -1.05346385e-12]], dtype=float32))
('ROLO Pred in pixel: ', -365.56520462036133, -0.00010661569831427187, 365.3364372253418, -6.7421686289481642e-10)
Iter 46, Minibatch Loss= 68.530716
47
('Batch_xs: ', array([[[ 95, 246, 169, 316],
        [ 95, 247, 167, 312],
        [ 93, 248, 167, 311]]]))
('Batch_ys: ', array([[ 0.60104167,  0.58828125,  0.20625   ,  0.5203125 ]]))
('ROLO Pred: ', array([[ -7.61594176e-01,  -3.49346038e-07,   7.60904074e-01,
         -2.66702052e-13]], dtype=float32))
('ROLO Pred in pixel: ', -365.56520462036133, -0.00022358146452461369, 365.23395538330078, -1.7068931337793636e-10)
Iter 47, Minibatch Loss= 69.530388
48
('Batch_xs: ', array([[[ 95, 247, 167, 312],
        [ 93, 248, 167, 311],
        [ 93, 249, 168, 308]]]))
('Batch_ys: ', array([[ 0.60833333,  0.59140625,  0.2       ,  0.5171875 ]]))
('ROLO Pred: ', array([[ -7.61594176e-01,  -7.77186244e-07,   7.60247529e-01,
         -4.50414378e-14]], dtype=float32))
('ROLO Pred in pixel: ', -365.56520462036133, -0.00049739919631974772, 364.91881370544434, -2.8826520163949265e-11)
Iter 48, Minibatch Loss= 70.195480
49
('Batch_xs: ', array([[[ 93, 248, 167, 311],
        [ 93, 249, 168, 308],
        [ 93, 250, 170, 305]]]))
('Batch_ys: ', array([[ 0.61145833,  0.5921875 ,  0.19791667,  0.515625  ]]))
('ROLO Pred: ', array([[ -7.61594176e-01,  -1.49123537e-06,   7.58243978e-01,
         -3.20371476e-14]], dtype=float32))
('ROLO Pred in pixel: ', -365.56520462036133, -0.00095439063443336636, 363.95710945129395, -2.0503774459529334e-11)
Iter 49, Minibatch Loss= 70.394661
50
('Batch_xs: ', array([[[ 93, 249, 168, 308],
        [ 93, 250, 170, 305],
        [ 90, 250, 172, 306]]]))
('Batch_ys: ', array([[ 0.6125   ,  0.5921875,  0.2      ,  0.515625 ]]))
('ROLO Pred: ', array([[ -7.61594176e-01,  -6.92745198e-06,   7.53314912e-01,
         -2.19061863e-14]], dtype=float32))
('ROLO Pred in pixel: ', -365.56520462036133, -0.0044335692655295134, 361.59115791320801, -1.4019959238692481e-11)
Iter 50, Minibatch Loss= 70.270706
51
('Batch_xs: ', array([[[ 93, 250, 170, 305],
        [ 90, 250, 172, 306],
        [ 88, 250, 173, 305]]]))
('Batch_ys: ', array([[ 0.61354167,  0.5890625 ,  0.20208333,  0.515625  ]]))
('ROLO Pred: ', array([[ -7.61594176e-01,  -4.60688861e-05,   7.38321006e-01,
         -2.30565299e-14]], dtype=float32))
('ROLO Pred in pixel: ', -365.56520462036133, -0.029484087135642767, 354.39408302307129, -1.4756179134503555e-11)
Iter 51, Minibatch Loss= 69.784363
52
('Batch_xs: ', array([[[ 90, 250, 172, 306],
        [ 88, 250, 173, 305],
        [ 88, 252, 174, 303]]]))
('Batch_ys: ', array([[ 0.61354167,  0.5859375 ,  0.20625   ,  0.515625  ]]))
('ROLO Pred: ', array([[ -7.61594176e-01,  -8.45442992e-05,   7.08058953e-01,
         -8.97846183e-14]], dtype=float32))
('ROLO Pred in pixel: ', -365.56520462036133, -0.054108351469039917, 339.8682975769043, -5.7462155693410732e-11)
Iter 52, Minibatch Loss= 68.795753
53
('Batch_xs: ', array([[[ 88, 250, 173, 305],
        [ 88, 252, 174, 303],
        [ 93, 254, 173, 300]]]))
('Batch_ys: ', array([[ 0.61458333,  0.5828125 ,  0.20833333,  0.515625  ]]))
('ROLO Pred: ', array([[ -7.61594176e-01,  -1.98074515e-04,   6.47486150e-01,
         -1.61702181e-13]], dtype=float32))
('ROLO Pred in pixel: ', -365.56520462036133, -0.12676768936216831, 310.7933521270752, -1.0348939587234707e-10)
Iter 53, Minibatch Loss= 67.296646
54
('Batch_xs: ', array([[[ 88, 252, 174, 303],
        [ 93, 254, 173, 300],
        [363, 162, 111, 336]]]))
('Batch_ys: ', array([[ 0.61354167,  0.5796875 ,  0.21041667,  0.515625  ]]))
('ROLO Pred: ', array([[ -7.61594176e-01,  -7.68257014e-04,   5.24221778e-01,
         -7.46315173e-14]], dtype=float32))
('ROLO Pred in pixel: ', -365.56520462036133, -0.49168448895215988, 251.6264533996582, -4.7764171090536323e-11)
Iter 54, Minibatch Loss= 64.784119
55
('Batch_xs: ', array([[[ 93, 254, 173, 300],
        [363, 162, 111, 336],
        [ 95, 256, 173, 300]]]))
('Batch_ys: ', array([[ 0.60625   ,  0.5765625 ,  0.20833333,  0.515625  ]]))
('ROLO Pred: ', array([[ -7.61594176e-01,  -1.38829637e-03,   5.89617848e-01,
         -6.80600121e-15]], dtype=float32))
('ROLO Pred in pixel: ', -365.56520462036133, -0.88850967586040497, 283.01656723022461, -4.3558407748778283e-12)
Iter 55, Minibatch Loss= 65.381500
56
('Batch_xs: ', array([[[363, 162, 111, 336],
        [ 95, 256, 173, 300],
        [ 97, 258, 176, 301]]]))
('Batch_ys: ', array([[ 0.59270833,  0.5734375 ,  0.20625   ,  0.515625  ]]))
('ROLO Pred: ', array([[ -7.61594176e-01,  -5.30108050e-34,   7.61594176e-01,
         -2.43334839e-20]], dtype=float32))
('ROLO Pred in pixel: ', -365.56520462036133, -3.3926915180657345e-31, 365.56520462036133, -1.5573429688185124e-17)
Iter 56, Minibatch Loss= 68.431053
57
('Batch_xs: ', array([[[ 95, 256, 173, 300],
        [ 97, 258, 176, 301],
        [ 97, 263, 178, 296]]]))
('Batch_ys: ', array([[ 0.57395833,  0.56875   ,  0.20208333,  0.515625  ]]))
('ROLO Pred: ', array([[ -7.61594176e-01,  -1.63167983e-03,   5.98738670e-01,
         -1.93531612e-15]], dtype=float32))
('ROLO Pred in pixel: ', -365.56520462036133, -1.044275090098381, 287.39456176757812, -1.2386023196669926e-12)
Iter 57, Minibatch Loss= 63.280319
58
('Batch_xs: ', array([[[ 97, 258, 176, 301],
        [ 97, 263, 178, 296],
        [ 97, 263, 183, 296]]]))
('Batch_ys: ', array([[ 0.55416667,  0.5640625 ,  0.2       ,  0.515625  ]]))
('ROLO Pred: ', array([[ -7.61594176e-01,  -3.99672845e-03,   5.76777518e-01,
         -2.22848714e-15]], dtype=float32))
('ROLO Pred in pixel: ', -365.56520462036133, -2.5579062104225159, 276.85320854187012, -1.4262317726571744e-12)
Iter 58, Minibatch Loss= 61.514519
59
('Batch_xs: ', array([[[ 97, 263, 178, 296],
        [ 97, 263, 183, 296],
        [ 98, 260, 186, 298]]]))
('Batch_ys: ', array([[ 0.53854167,  0.5578125 ,  0.19791667,  0.515625  ]]))
('ROLO Pred: ', array([[ -7.61594176e-01,  -8.83738026e-02,   1.84161410e-01,
         -2.60066723e-16]], dtype=float32))
('ROLO Pred in pixel: ', -365.56520462036133, -56.559233665466309, 88.397476673126221, -1.6644270258380466e-13)
Iter 59, Minibatch Loss= 59.343475
60
('Batch_xs: ', array([[[ 97, 263, 183, 296],
        [ 98, 260, 186, 298],
        [112, 258, 194, 301]]]))
('Batch_ys: ', array([[ 0.52395833,  0.5484375 ,  0.19791667,  0.515625  ]]))
('ROLO Pred: ', array([[ -7.61594176e-01,  -3.35255235e-01,   1.02189422e-01,
         -2.24670216e-15]], dtype=float32))
('ROLO Pred in pixel: ', -365.56520462036133, -214.56335067749023, 49.050922393798828, -1.4378893854662816e-12)
Iter 60, Minibatch Loss= 67.668236
61
('Batch_xs: ', array([[[ 98, 260, 186, 298],
        [112, 258, 194, 301],
        [117, 254, 200, 303]]]))
('Batch_ys: ', array([[ 0.50833333,  0.5359375 ,  0.2       ,  0.515625  ]]))
('ROLO Pred: ', array([[ -7.61594176e-01,  -3.04364324e-01,   1.99383557e-01,
         -3.94139508e-14]], dtype=float32))
('ROLO Pred in pixel: ', -365.56520462036133, -194.79316711425781, 95.704107284545898, -2.5224928482808773e-11)
Iter 61, Minibatch Loss= 64.555420
62
('Batch_xs: ', array([[[112, 258, 194, 301],
        [117, 254, 200, 303],
        [117, 252, 207, 305]]]))
('Batch_ys: ', array([[ 0.49375   ,  0.521875  ,  0.20416667,  0.515625  ]]))
('ROLO Pred: ', array([[ -7.61594176e-01,  -3.86650592e-01,   6.97763264e-01,
         -7.35266503e-13]], dtype=float32))
('ROLO Pred in pixel: ', -365.56520462036133, -247.45637893676758, 334.92636680603027, -4.7057056168364753e-10)
Iter 62, Minibatch Loss= 72.672035
63
('Batch_xs: ', array([[[117, 254, 200, 303],
        [117, 252, 207, 305],
        [115, 253, 212, 307]]]))
('Batch_ys: ', array([[ 0.484375,  0.5125  ,  0.20625 ,  0.515625]]))
('ROLO Pred: ', array([[ -7.61594176e-01,  -4.68075186e-01,   7.48325646e-01,
         -4.58308946e-11]], dtype=float32))
('ROLO Pred in pixel: ', -365.56520462036133, -299.56811904907227, 359.19631004333496, -2.9331772566365544e-08)
Iter 63, Minibatch Loss= 76.739502
64
('Batch_xs: ', array([[[117, 252, 207, 305],
        [115, 253, 212, 307],
        [113, 249, 218, 311]]]))
('Batch_ys: ', array([[ 0.48125   ,  0.5078125 ,  0.20833333,  0.515625  ]]))
('ROLO Pred: ', array([[ -7.61594176e-01,  -6.68039799e-01,   7.45274663e-01,
         -3.11802162e-09]], dtype=float32))
('ROLO Pred in pixel: ', -365.56520462036133, -427.54547119140625, 357.73183822631836, -1.9955338359523012e-06)
Iter 64, Minibatch Loss= 86.976402
65
('Batch_xs: ', array([[[115, 253, 212, 307],
        [113, 249, 218, 311],
        [366, 168, 112, 335]]]))
('Batch_ys: ', array([[ 0.48541667,  0.509375  ,  0.2125    ,  0.515625  ]]))
('ROLO Pred: ', array([[ -7.61594176e-01,  -7.36536980e-01,   7.15559006e-01,
         -2.60429172e-08]], dtype=float32))
('ROLO Pred in pixel: ', -365.56520462036133, -471.3836669921875, 343.46832275390625, -1.6667466979924939e-05)
Iter 65, Minibatch Loss= 90.630463
66
('Batch_xs: ', array([[[113, 249, 218, 311],
        [366, 168, 112, 335],
        [109, 244, 224, 315]]]))
('Batch_ys: ', array([[ 0.49166667,  0.515625  ,  0.21666667,  0.515625  ]]))
('ROLO Pred: ', array([[ -7.61594176e-01,  -7.42799103e-01,   7.23896742e-01,
         -4.96352050e-06]], dtype=float32))
('ROLO Pred in pixel: ', -365.56520462036133, -475.39142608642578, 347.47043609619141, -0.0031766531174071133)
Iter 66, Minibatch Loss= 91.916008
67
('Batch_xs: ', array([[[366, 168, 112, 335],
        [109, 244, 224, 315],
        [106, 245, 228, 314]]]))
('Batch_ys: ', array([[ 0.5       ,  0.5234375 ,  0.22083333,  0.515625  ]]))
('ROLO Pred: ', array([[ -7.61594176e-01,  -2.02281547e-33,   7.61594176e-01,
         -1.11789471e-21]], dtype=float32))
('ROLO Pred in pixel: ', -365.56520462036133, -1.2946019036665312e-30, 365.56520462036133, -7.1545261635715131e-19)
Iter 67, Minibatch Loss= 60.597454
68
('Batch_xs: ', array([[[109, 244, 224, 315],
        [106, 245, 228, 314],
        [105, 248, 233, 313]]]))
('Batch_ys: ', array([[ 0.51041667,  0.5328125 ,  0.225     ,  0.515625  ]]))
('ROLO Pred: ', array([[-0.76159418, -0.74733466,  0.72023422, -0.00200581]], dtype=float32))
('ROLO Pred in pixel: ', -365.56520462036133, -478.29418182373047, 345.71242332458496, -1.2837158143520355)
Iter 68, Minibatch Loss= 94.233154
69
('Batch_xs: ', array([[[106, 245, 228, 314],
        [105, 248, 233, 313],
        [103, 250, 236, 311]]]))
('Batch_ys: ', array([[ 0.51979167,  0.5421875 ,  0.22708333,  0.515625  ]]))
('ROLO Pred: ', array([[-0.76159418, -0.75991666,  0.57306379, -0.00900183]], dtype=float32))
('ROLO Pred in pixel: ', -365.56520462036133, -486.34666442871094, 275.07061958312988, -5.7611733675003052)
Iter 69, Minibatch Loss= 93.282616
70
('Batch_xs: ', array([[[105, 248, 233, 313],
        [103, 250, 236, 311],
        [101, 252, 238, 309]]]))
('Batch_ys: ', array([[ 0.52708333,  0.55      ,  0.22916667,  0.515625  ]]))
('ROLO Pred: ', array([[-0.76159418, -0.7614789 ,  0.25450519, -0.01763146]], dtype=float32))
('ROLO Pred in pixel: ', -365.56520462036133, -487.34649658203125, 122.16248989105225, -11.28413200378418)
Iter 70, Minibatch Loss= 91.635193
71
('Batch_xs: ', array([[[103, 250, 236, 311],
        [101, 252, 238, 309],
        [ 87, 245, 232, 304]]]))
('Batch_ys: ', array([[ 0.53645833,  0.559375  ,  0.23125   ,  0.515625  ]]))
('ROLO Pred: ', array([[-0.76159418, -0.76158166,  0.06142881, -0.02462267]], dtype=float32))
('ROLO Pred in pixel: ', -365.56520462036133, -487.41226196289062, 29.485827684402466, -15.758509635925293)
Iter 71, Minibatch Loss= 93.760483
72
('Batch_xs: ', array([[[101, 252, 238, 309],
        [ 87, 245, 232, 304],
        [ 81, 246, 226, 299]]]))
('Batch_ys: ', array([[ 0.54791667,  0.56875   ,  0.23333333,  0.515625  ]]))
('ROLO Pred: ', array([[-0.76159418, -0.76159227,  0.01325274, -0.02252088]], dtype=float32))
('ROLO Pred in pixel: ', -365.56520462036133, -487.41905212402344, 6.3613173365592957, -14.413363933563232)
Iter 72, Minibatch Loss= 95.560005
73
('Batch_xs: ', array([[[ 87, 245, 232, 304],
        [ 81, 246, 226, 299],
        [ 79, 249, 220, 295]]]))
('Batch_ys: ', array([[ 0.559375  ,  0.578125  ,  0.23541667,  0.515625  ]]))
('ROLO Pred: ', array([[-0.76159418, -0.76159102,  0.00152221, -0.16995025]], dtype=float32))
('ROLO Pred in pixel: ', -365.56520462036133, -487.41825103759766, 0.7306596077978611, -108.76815795898438)
Iter 73, Minibatch Loss= 101.567924
74
('Batch_xs: ', array([[[ 81, 246, 226, 299],
        [ 79, 249, 220, 295],
        [ 76, 250, 222, 292]]]))
('Batch_ys: ', array([[ 0.56979167,  0.5890625 ,  0.23541667,  0.515625  ]]))
('ROLO Pred: ', array([[ -7.61594176e-01,  -7.61591554e-01,   2.45591975e-04,
         -1.20751988e-02]], dtype=float32))
('ROLO Pred in pixel: ', -365.56520462036133, -487.41859436035156, 0.11788414791226387, -7.7281272411346436)
Iter 74, Minibatch Loss= 98.262909
75
('Batch_xs: ', array([[[ 79, 249, 220, 295],
        [ 76, 250, 222, 292],
        [ 74, 251, 223, 290]]]))
('Batch_ys: ', array([[ 0.5625   ,  0.5796875,  0.225    ,  0.515625 ]]))
('ROLO Pred: ', array([[ -7.61594176e-01,  -7.61591077e-01,   8.68963762e-05,
         -1.75265639e-04]], dtype=float32))
('ROLO Pred in pixel: ', -365.56520462036133, -487.41828918457031, 0.04171026055701077, -0.11217000894248486)
Iter 75, Minibatch Loss= 96.722206
76
('Batch_xs: ', array([[[ 76, 250, 222, 292],
        [ 74, 251, 223, 290],
        [370, 174, 109, 330]]]))
('Batch_ys: ', array([[ 0.55520833,  0.5703125 ,  0.21458333,  0.515625  ]]))
('ROLO Pred: ', array([[ -7.61594176e-01,  -7.61593819e-01,   1.40016518e-05,
         -2.71181256e-04]], dtype=float32))
('ROLO Pred in pixel: ', -365.56520462036133, -487.4200439453125, 0.0067207928805146366, -0.17355600371956825)
Iter 76, Minibatch Loss= 95.503258
77
('Batch_xs: ', array([[[ 74, 251, 223, 290],
        [370, 174, 109, 330],
        [ 71, 255, 221, 291]]]))
('Batch_ys: ', array([[ 0.54895833,  0.5625    ,  0.20625   ,  0.515625  ]]))
('ROLO Pred: ', array([[ -7.61594176e-01,  -7.61594057e-01,   4.04544699e-06,
         -2.65684357e-04]], dtype=float32))
('ROLO Pred in pixel: ', -365.56520462036133, -487.42019653320312, 0.0019418145529925823, -0.17003798857331276)
Iter 77, Minibatch Loss= 94.486305
78
('Batch_xs: ', array([[[370, 174, 109, 330],
        [ 71, 255, 221, 291],
        [ 67, 258, 223, 289]]]))
('Batch_ys: ', array([[ 0.54583333,  0.55625   ,  0.2       ,  0.515625  ]]))
('ROLO Pred: ', array([[ -7.61594176e-01,  -6.67851018e-33,   7.61594176e-01,
         -4.87316339e-24]], dtype=float32))
('ROLO Pred in pixel: ', -365.56520462036133, -4.2742465122735216e-30, 365.56520462036133, -3.118824571445943e-21)
Iter 78, Minibatch Loss= 65.000954
79
('Batch_xs: ', array([[[ 71, 255, 221, 291],
        [ 67, 258, 223, 289],
        [ 63, 258, 225, 288]]]))
('Batch_ys: ', array([[ 0.54479167,  0.5515625 ,  0.19791667,  0.515625  ]]))
('ROLO Pred: ', array([[ -7.61594176e-01,  -7.61594057e-01,   1.26922737e-06,
         -2.48800243e-05]], dtype=float32))
('ROLO Pred in pixel: ', -365.56520462036133, -487.42019653320312, 0.00060922913689864799, -0.015923215541988611)
Iter 79, Minibatch Loss= 93.402229
80
('Batch_xs: ', array([[[ 67, 258, 223, 289],
        [ 63, 258, 225, 288],
        [ 61, 259, 221, 289]]]))
('Batch_ys: ', array([[ 0.546875  ,  0.5484375 ,  0.19791667,  0.515625  ]]))
('ROLO Pred: ', array([[ -7.61594176e-01,  -7.61594176e-01,   1.24475378e-07,
         -1.80506504e-05]], dtype=float32))
('ROLO Pred in pixel: ', -365.56520462036133, -487.42027282714844, 5.9748181229224429e-05, -0.011552416253834963)
Iter 80, Minibatch Loss= 93.333328
81
('Batch_xs: ', array([[[ 63, 258, 225, 288],
        [ 61, 259, 221, 289],
        [ 59, 262, 223, 289]]]))
('Batch_ys: ', array([[ 0.55520833,  0.5453125 ,  0.19791667,  0.515625  ]]))
('ROLO Pred: ', array([[ -7.61594176e-01,  -7.61594176e-01,   2.77891399e-08,
         -6.47445850e-05]], dtype=float32))
('ROLO Pred in pixel: ', -365.56520462036133, -487.42027282714844, 1.3338787141492503e-05, -0.041436534374952316)
Iter 81, Minibatch Loss= 93.677010
82
('Batch_xs: ', array([[[ 61, 259, 221, 289],
        [ 59, 262, 223, 289],
        [ 56, 263, 229, 292]]]))
('Batch_ys: ', array([[ 0.565625  ,  0.5421875 ,  0.19791667,  0.515625  ]]))
('ROLO Pred: ', array([[ -7.61594176e-01,  -7.61594176e-01,   2.84480546e-08,
         -1.00768148e-05]], dtype=float32))
('ROLO Pred in pixel: ', -365.56520462036133, -487.42027282714844, 1.3655066197770793e-05, -0.0064491614466533065)
Iter 82, Minibatch Loss= 94.160210
83
('Batch_xs: ', array([[[ 59, 262, 223, 289],
        [ 56, 263, 229, 292],
        [ 54, 263, 233, 295]]]))
('Batch_ys: ', array([[ 0.58020833,  0.540625  ,  0.19791667,  0.515625  ]]))
('ROLO Pred: ', array([[ -7.61594176e-01,  -7.61594176e-01,   6.41713616e-09,
         -6.93951915e-06]], dtype=float32))
('ROLO Pred in pixel: ', -365.56520462036133, -487.42027282714844, 3.0802253547790315e-06, -0.0044412922579795122)
Iter 83, Minibatch Loss= 95.031403
84
('Batch_xs: ', array([[[ 56, 263, 229, 292],
        [ 54, 263, 233, 295],
        [ 54, 265, 231, 296]]]))
('Batch_ys: ', array([[ 0.59479167,  0.540625  ,  0.19791667,  0.515625  ]]))
('ROLO Pred: ', array([[ -7.61594176e-01,  -7.61594176e-01,   1.76048620e-09,
         -1.13125585e-04]], dtype=float32))
('ROLO Pred in pixel: ', -365.56520462036133, -487.42027282714844, 8.4503337660635225e-07, -0.072400374338030815)
Iter 84, Minibatch Loss= 96.017838
85
('Batch_xs: ', array([[[ 54, 263, 233, 295],
        [ 54, 265, 231, 296],
        [ 55, 268, 233, 296]]]))
('Batch_ys: ', array([[ 0.61145833,  0.5453125 ,  0.19791667,  0.515625  ]]))
('ROLO Pred: ', array([[ -7.61594176e-01,  -7.61594176e-01,   1.06923081e-09,
         -1.12288876e-03]], dtype=float32))
('ROLO Pred in pixel: ', -365.56520462036133, -487.42027282714844, 5.1323079119924842e-07, -0.71864880621433258)
Iter 85, Minibatch Loss= 97.486862
86
('Batch_xs: ', array([[[ 54, 265, 231, 296],
        [ 55, 268, 233, 296],
        [ 52, 268, 235, 295]]]))
('Batch_ys: ', array([[ 0.634375  ,  0.559375  ,  0.19791667,  0.515625  ]]))
('ROLO Pred: ', array([[ -7.61594176e-01,  -7.61594176e-01,   1.03561937e-09,
         -1.94022141e-04]], dtype=float32))
('ROLO Pred in pixel: ', -365.56520462036133, -487.42027282714844, 4.9709729665892155e-07, -0.12417417019605637)
Iter 86, Minibatch Loss= 99.973228
87
('Batch_xs: ', array([[[ 55, 268, 233, 296],
        [ 52, 268, 235, 295],
        [374, 184, 107, 323]]]))
('Batch_ys: ', array([[ 0.66145833,  0.575     ,  0.19791667,  0.515625  ]]))
('ROLO Pred: ', array([[ -7.61594176e-01,  -7.61594176e-01,   3.99727335e-10,
         -9.02821121e-05]], dtype=float32))
('ROLO Pred in pixel: ', -365.56520462036133, -487.42027282714844, 1.9186912059154793e-07, -0.057780551724135876)
Iter 87, Minibatch Loss= 102.917389
88
('Batch_xs: ', array([[[ 52, 268, 235, 295],
        [374, 184, 107, 323],
        [ 50, 268, 240, 298]]]))
('Batch_ys: ', array([[ 0.690625  ,  0.5890625 ,  0.19791667,  0.515625  ]]))
('ROLO Pred: ', array([[ -7.61594176e-01,  -7.61594176e-01,  -1.82781524e-12,
         -2.84692418e-04]], dtype=float32))
('ROLO Pred in pixel: ', -365.56520462036133, -487.42027282714844, -8.7735131659716359e-10, -0.18220314756035805)
Iter 88, Minibatch Loss= 105.963684
89
('Batch_xs: ', array([[[374, 184, 107, 323],
        [ 50, 268, 240, 298],
        [ 49, 267, 240, 300]]]))
('Batch_ys: ', array([[ 0.71770833,  0.59375   ,  0.19791667,  0.515625  ]]))
('ROLO Pred: ', array([[ -7.61594176e-01,  -1.24104121e-31,   7.61594176e-01,
         -3.84495273e-27]], dtype=float32))
('ROLO Pred in pixel: ', -365.56520462036133, -7.9426637367547146e-29, 365.56520462036133, -2.4607697495180296e-24)
Iter 89, Minibatch Loss= 78.111908
90
('Batch_xs: ', array([[[ 50, 268, 240, 298],
        [ 49, 267, 240, 300],
        [ 52, 268, 240, 302]]]))
('Batch_ys: ', array([[ 0.74895833,  0.59375   ,  0.19791667,  0.515625  ]]))
('ROLO Pred: ', array([[ -7.61594176e-01,  -7.61594176e-01,   3.63540587e-11,
         -4.33054985e-03]], dtype=float32))
('ROLO Pred in pixel: ', -365.56520462036133, -487.42027282714844, 1.7449948153114292e-08, -2.7715519070625305)
Iter 90, Minibatch Loss= 110.706055
91
('Batch_xs: ', array([[[ 49, 267, 240, 300],
        [ 52, 268, 240, 302],
        [ 50, 269, 241, 303]]]))
('Batch_ys: ', array([[ 0.784375  ,  0.590625  ,  0.19791667,  0.515625  ]]))
('ROLO Pred: ', array([[ -7.61594176e-01,  -7.61594176e-01,   8.98388863e-11,
         -9.92858037e-03]], dtype=float32))
('ROLO Pred in pixel: ', -365.56520462036133, -487.42027282714844, 4.3122665438488639e-08, -6.3542914390563965)
Iter 91, Minibatch Loss= 113.346771
92
('Batch_xs: ', array([[[ 52, 268, 240, 302],
        [ 50, 269, 241, 303],
        [ 49, 271, 242, 301]]]))
('Batch_ys: ', array([[ 0.81979167,  0.5875    ,  0.19791667,  0.515625  ]]))
('ROLO Pred: ', array([[ -7.61594176e-01,  -7.61594176e-01,   2.87390944e-10,
         -5.03012305e-03]], dtype=float32))
('ROLO Pred in pixel: ', -365.56520462036133, -487.42027282714844, 1.3794765330032988e-07, -3.2192787528038025)
Iter 92, Minibatch Loss= 115.776917
93
('Batch_xs: ', array([[[ 50, 269, 241, 303],
        [ 49, 271, 242, 301],
        [ 49, 271, 244, 301]]]))
('Batch_ys: ', array([[ 0.846875  ,  0.584375  ,  0.19791667,  0.515625  ]]))
('ROLO Pred: ', array([[ -7.61594176e-01,  -7.61594176e-01,   1.29286484e-10,
         -6.76055159e-03]], dtype=float32))
('ROLO Pred in pixel: ', -365.56520462036133, -487.42027282714844, 6.2057512462132536e-08, -4.3267530202865601)
Iter 93, Minibatch Loss= 117.771172
94
('Batch_xs: ', array([[[ 49, 271, 242, 301],
        [ 49, 271, 244, 301],
        [ 42, 271, 248, 302]]]))
('Batch_ys: ', array([[ 0.859375  ,  0.5796875 ,  0.19791667,  0.515625  ]]))
('ROLO Pred: ', array([[ -7.61594176e-01,  -7.61594176e-01,  -2.08145523e-12,
         -3.56044294e-03]], dtype=float32))
('ROLO Pred in pixel: ', -365.56520462036133, -487.42027282714844, -9.9909851225543633e-10, -2.2786834836006165)
Iter 94, Minibatch Loss= 118.382332
95
('Batch_xs: ', array([[[ 49, 271, 244, 301],
        [ 42, 271, 248, 302],
        [ 38, 271, 249, 304]]]))
('Batch_ys: ', array([[ 0.86354167,  0.571875  ,  0.19791667,  0.515625  ]]))
('ROLO Pred: ', array([[ -7.61594176e-01,  -7.61594176e-01,   2.81606552e-12,
         -8.37173034e-03]], dtype=float32))
('ROLO Pred in pixel: ', -365.56520462036133, -487.42027282714844, 1.3517114511030215e-09, -5.3579074144363403)
Iter 95, Minibatch Loss= 118.323204
96
('Batch_xs: ', array([[[ 42, 271, 248, 302],
        [ 38, 271, 249, 304],
        [ 32, 270, 247, 303]]]))
('Batch_ys: ', array([[ 0.86770833,  0.5578125 ,  0.19791667,  0.515625  ]]))
('ROLO Pred: ', array([[ -7.61594176e-01,  -7.61594176e-01,  -1.19643325e-12,
         -1.15509972e-01]], dtype=float32))
('ROLO Pred in pixel: ', -365.56520462036133, -487.42027282714844, -5.742879609360596e-10, -73.926382064819336)
Iter 96, Minibatch Loss= 120.803406
97
('Batch_xs: ', array([[[ 38, 271, 249, 304],
        [ 32, 270, 247, 303],
        [ 30, 270, 239, 302]]]))
('Batch_ys: ', array([[ 0.86979167,  0.5421875 ,  0.19791667,  0.515625  ]]))
('ROLO Pred: ', array([[ -7.61594176e-01,  -7.61594176e-01,  -5.40349829e-13,
         -2.86386877e-01]], dtype=float32))
('ROLO Pred in pixel: ', -365.56520462036133, -487.42027282714844, -2.593679177681496e-10, -183.28760147094727)
Iter 97, Minibatch Loss= 126.014328
98
('Batch_xs: ', array([[[ 32, 270, 247, 303],
        [ 30, 270, 239, 302],
        [377, 194, 103, 317]]]))
('Batch_ys: ', array([[ 0.871875  ,  0.5296875 ,  0.19791667,  0.515625  ]]))
('ROLO Pred: ', array([[ -7.61594176e-01,  -7.61594176e-01,  -1.58311772e-13,
         -3.47350627e-01]], dtype=float32))
('ROLO Pred in pixel: ', -365.56520462036133, -487.42027282714844, -7.5989650769742179e-11, -222.30440139770508)
Iter 98, Minibatch Loss= 127.881149
99
('Batch_xs: ', array([[[ 30, 270, 239, 302],
        [377, 194, 103, 317],
        [ 13, 270, 234, 301]]]))
('Batch_ys: ', array([[ 0.87395833,  0.525     ,  0.19791667,  0.515625  ]]))
('ROLO Pred: ', array([[ -7.61594176e-01,  -7.61594176e-01,  -2.46358923e-13,
         -2.04819739e-02]], dtype=float32))
('ROLO Pred in pixel: ', -365.56520462036133, -487.42027282714844, -1.1825228296569179e-10, -13.108463287353516)
Iter 99, Minibatch Loss= 116.417442
100
('Batch_xs: ', array([[[377, 194, 103, 317],
        [ 13, 270, 234, 301],
        [  7, 263, 230, 301]]]))
('Batch_ys: ', array([[ 0.88020833,  0.525     ,  0.19791667,  0.515625  ]]))
('ROLO Pred: ', array([[ -7.61594176e-01,  -8.81438138e-31,   7.61594176e-01,
         -1.60382155e-30]], dtype=float32))
('ROLO Pred in pixel: ', -365.56520462036133, -5.64120408521198e-28, 365.56520462036133, -1.0264457898318087e-27)
Iter 100, Minibatch Loss= 88.868553
101
('Batch_xs: ', array([[[ 13, 270, 234, 301],
        [  7, 263, 230, 301],
        [  0, 255, 231, 302]]]))
('Batch_ys: ', array([[ 0.88645833,  0.5265625 ,  0.19791667,  0.515625  ]]))
('ROLO Pred: ', array([[ -7.61594176e-01,  -7.61594176e-01,  -5.31250891e-15,
         -1.94846205e-02]], dtype=float32))
('ROLO Pred in pixel: ', -365.56520462036133, -487.42027282714844, -2.5500042751197896e-12, -12.470157146453857)
Iter 101, Minibatch Loss= 117.518707
102
('Batch_xs: ', array([[[  7, 263, 230, 301],
        [  0, 255, 231, 302],
        [  0, 251, 226, 303]]]))
('Batch_ys: ', array([[ 0.89270833,  0.528125  ,  0.19791667,  0.515625  ]]))
('ROLO Pred: ', array([[ -7.61594176e-01,  -7.61594176e-01,  -8.92638810e-15,
         -1.98471814e-01]], dtype=float32))
('ROLO Pred in pixel: ', -365.56520462036133, -487.42027282714844, -4.2846662903859439e-12, -127.0219612121582)
Iter 102, Minibatch Loss= 123.671600
103
('Batch_xs: ', array([[[  0, 255, 231, 302],
        [  0, 251, 226, 303],
        [  1, 251, 218, 299]]]))
('Batch_ys: ', array([[ 0.89895833,  0.5296875 ,  0.19791667,  0.515625  ]]))
('ROLO Pred: ', array([[ -7.61594176e-01,  -7.61594176e-01,  -8.46136617e-15,
         -7.54287064e-01]], dtype=float32))
('ROLO Pred in pixel: ', -365.56520462036133, -487.42027282714844, -4.061455761549676e-12, -482.74372100830078)
Iter 103, Minibatch Loss= 151.912750
104
('Batch_xs: ', array([[[  0, 251, 226, 303],
        [  1, 251, 218, 299],
        [  4, 250, 209, 293]]]))
('Batch_ys: ', array([[ 0.90104167,  0.53125   ,  0.19791667,  0.515625  ]]))
('ROLO Pred: ', array([[ -7.61594176e-01,  -7.61594176e-01,  -4.85887101e-14,
         -7.53769934e-01]], dtype=float32))
('ROLO Pred in pixel: ', -365.56520462036133, -487.42027282714844, -2.3322580845752672e-11, -482.41275787353516)
Iter 104, Minibatch Loss= 152.154022
105
('Batch_xs: ', array([[[  1, 251, 218, 299],
        [  4, 250, 209, 293],
        [  7, 246, 201, 289]]]))
('Batch_ys: ', array([[ 0.90104167,  0.5375    ,  0.19791667,  0.515625  ]]))
('ROLO Pred: ', array([[ -7.61594176e-01,  -7.61594176e-01,  -9.40062102e-14,
         -4.56966311e-01]], dtype=float32))
('ROLO Pred in pixel: ', -365.56520462036133, -487.42027282714844, -4.5122980872613905e-11, -292.45843887329102)
Iter 105, Minibatch Loss= 135.823196
106
('Batch_xs: ', array([[[  4, 250, 209, 293],
        [  7, 246, 201, 289],
        [ 12, 247, 191, 286]]]))
('Batch_ys: ', array([[ 0.90104167,  0.5484375 ,  0.19791667,  0.515625  ]]))
('ROLO Pred: ', array([[ -7.61594176e-01,  -7.61593997e-01,  -2.99959466e-13,
         -1.17035396e-02]], dtype=float32))
('ROLO Pred in pixel: ', -365.56520462036133, -487.42015838623047, -1.4398054363345958e-10, -7.4902653694152832)
Iter 106, Minibatch Loss= 119.941689
107
('Batch_xs: ', array([[[  7, 246, 201, 289],
        [ 12, 247, 191, 286],
        [ 18, 250, 180, 279]]]))
('Batch_ys: ', array([[ 0.90104167,  0.5609375 ,  0.19791667,  0.515625  ]]))
('ROLO Pred: ', array([[ -7.61594176e-01,  -7.61591792e-01,  -2.27161063e-12,
         -1.21529237e-03]], dtype=float32))
('ROLO Pred in pixel: ', -365.56520462036133, -487.41874694824219, -1.0903731043065967e-09, -0.77778711915016174)
Iter 107, Minibatch Loss= 120.493141
108
('Batch_xs: ', array([[[ 12, 247, 191, 286],
        [ 18, 250, 180, 279],
        [ 23, 250, 170, 276]]]))
('Batch_ys: ', array([[ 0.90104167,  0.5734375 ,  0.19791667,  0.515625  ]]))
('ROLO Pred: ', array([[ -7.61594176e-01,  -7.61556208e-01,  -1.58639404e-11,
         -3.74174215e-06]], dtype=float32))
('ROLO Pred in pixel: ', -365.56520462036133, -487.39597320556641, -7.6146913774444158e-09, -0.0023947149747982621)
Iter 108, Minibatch Loss= 121.290245
109
('Batch_xs: ', array([[[ 18, 250, 180, 279],
        [ 23, 250, 170, 276],
        [190, 247, 124, 337]]]))
('Batch_ys: ', array([[ 0.90104167,  0.5828125 ,  0.19791667,  0.515625  ]]))
('ROLO Pred: ', array([[ -7.61594176e-01,  -7.61415660e-01,  -5.16647315e-11,
         -1.59901858e-09]], dtype=float32))
('ROLO Pred in pixel: ', -365.56520462036133, -487.30602264404297, -2.4799071129955053e-08, -1.0233718938934544e-06)
Iter 109, Minibatch Loss= 121.908676
110
('Batch_xs: ', array([[[ 23, 250, 170, 276],
        [190, 247, 124, 337],
        [380, 207, 100, 323]]]))
('Batch_ys: ', array([[ 0.90104167,  0.5875    ,  0.19791667,  0.515625  ]]))
('ROLO Pred: ', array([[ -7.61594176e-01,  -7.58194685e-01,  -4.22865021e-10,
         -8.10718073e-12]], dtype=float32))
('ROLO Pred in pixel: ', -365.56520462036133, -485.24459838867188, -2.0297520997303309e-07, -5.1885956642294673e-09)
Iter 110, Minibatch Loss= 122.007263
111
('Batch_xs: ', array([[[190, 247, 124, 337],
        [380, 207, 100, 323],
        [ 26, 249, 158, 270]]]))
('Batch_ys: ', array([[ 0.9     ,  0.59375 ,  0.2     ,  0.515625]]))
('ROLO Pred: ', array([[ -7.61594176e-01,  -1.67679236e-20,   7.61594176e-01,
         -1.53673925e-26]], dtype=float32))
('ROLO Pred in pixel: ', -365.56520462036133, -1.0731471103938864e-17, 365.56520462036133, -9.8351312244520169e-24)
Iter 111, Minibatch Loss= 92.367279
112
('Batch_xs: ', array([[[380, 207, 100, 323],
        [ 26, 249, 158, 270],
        [ 31, 249, 145, 266]]]))
('Batch_ys: ', array([[ 0.89895833,  0.5984375 ,  0.20208333,  0.515625  ]]))
('ROLO Pred: ', array([[ -7.61594176e-01,  -2.45001940e-31,   7.61594176e-01,
         -7.63931508e-34]], dtype=float32))
('ROLO Pred in pixel: ', -365.56520462036133, -1.5680124151833276e-28, 365.56520462036133, -4.8891616543461526e-31)
Iter 112, Minibatch Loss= 92.362091
113
('Batch_xs: ', array([[[ 26, 249, 158, 270],
        [ 31, 249, 145, 266],
        [ 34, 252, 135, 263]]]))
('Batch_ys: ', array([[ 0.89791667,  0.6015625 ,  0.20416667,  0.515625  ]]))
('ROLO Pred: ', array([[ -7.61594176e-01,  -7.16082513e-01,  -1.53862936e-10,
         -2.69248294e-14]], dtype=float32))
('ROLO Pred in pixel: ', -365.56520462036133, -458.29280853271484, -7.3854209414747629e-08, -1.7231890827446028e-11)
Iter 113, Minibatch Loss= 119.939972
114
('Batch_xs: ', array([[[ 31, 249, 145, 266],
        [ 34, 252, 135, 263],
        [ 40, 251, 126, 262]]]))
('Batch_ys: ', array([[ 0.89791667,  0.603125  ,  0.20833333,  0.515625  ]]))
('ROLO Pred: ', array([[ -7.61594176e-01,  -2.15362102e-01,  -2.07869121e-11,
         -3.38685231e-17]], dtype=float32))
('ROLO Pred in pixel: ', -365.56520462036133, -137.83174514770508, -9.9777178186322146e-09, -2.1675854758692508e-14)
Iter 114, Minibatch Loss= 93.311371
115
('Batch_xs: ', array([[[ 34, 252, 135, 263],
        [ 40, 251, 126, 262],
        [ 45, 248, 119, 258]]]))
('Batch_ys: ', array([[ 0.890625 ,  0.5984375,  0.20625  ,  0.515625 ]]))
('ROLO Pred: ', array([[ -7.61594176e-01,  -2.84043979e-02,  -4.68912019e-13,
         -5.02753817e-20]], dtype=float32))
('ROLO Pred in pixel: ', -365.56520462036133, -18.178814649581909, -2.2507776892277676e-10, -3.2176244289661863e-17)
Iter 115, Minibatch Loss= 85.776810
116
('Batch_xs: ', array([[[ 40, 251, 126, 262],
        [ 45, 248, 119, 258],
        [ 52, 249, 113, 256]]]))
('Batch_ys: ', array([[ 0.88125   ,  0.5875    ,  0.20416667,  0.515625  ]]))
('ROLO Pred: ', array([[ -7.61594176e-01,  -8.78932653e-04,  -1.31089269e-12,
         -6.99589972e-22]], dtype=float32))
('ROLO Pred in pixel: ', -365.56520462036133, -0.56251689791679382, -6.2922849222712962e-10, -4.4773758212066726e-19)
Iter 116, Minibatch Loss= 83.816933
117
('Batch_xs: ', array([[[ 45, 248, 119, 258],
        [ 52, 249, 113, 256],
        [ 59, 251, 109, 250]]]))
('Batch_ys: ', array([[ 0.871875  ,  0.5765625 ,  0.20208333,  0.515625  ]]))
('ROLO Pred: ', array([[ -7.61594176e-01,  -1.17194242e-04,  -6.83734753e-12,
         -5.20956926e-23]], dtype=float32))
('ROLO Pred in pixel: ', -365.56520462036133, -0.075004315003752708, -3.2819268136474733e-09, -3.3341243267183046e-20)
Iter 117, Minibatch Loss= 82.687187
118
('Batch_xs: ', array([[[ 52, 249, 113, 256],
        [ 59, 251, 109, 250],
        [ 66, 255, 107, 246]]]))
('Batch_ys: ', array([[ 0.86041667,  0.565625  ,  0.2       ,  0.515625  ]]))
('ROLO Pred: ', array([[ -7.61594176e-01,  -1.83318989e-05,  -2.47614984e-11,
         -7.71258214e-25]], dtype=float32))
('ROLO Pred in pixel: ', -365.56520462036133, -0.011732415296137333, -1.1885519235477204e-08, -4.9360525675398629e-22)
Iter 118, Minibatch Loss= 81.418518
119
('Batch_xs: ', array([[[ 59, 251, 109, 250],
        [ 66, 255, 107, 246],
        [ 69, 256, 108, 247]]]))
('Batch_ys: ', array([[ 0.84895833,  0.5625    ,  0.19791667,  0.515625  ]]))
('ROLO Pred: ', array([[ -7.61594176e-01,  -2.68606909e-05,  -4.53017519e-11,
         -1.08374589e-26]], dtype=float32))
('ROLO Pred in pixel: ', -365.56520462036133, -0.017190842190757394, -2.1744840927873099e-08, -6.9359737205323035e-24)
Iter 119, Minibatch Loss= 80.383896
120
('Batch_xs: ', array([[[ 66, 255, 107, 246],
        [ 69, 256, 108, 247],
        [ 71, 259, 111, 251]]]))
('Batch_ys: ', array([[ 0.83854167,  0.565625  ,  0.19791667,  0.515625  ]]))
('ROLO Pred: ', array([[ -7.61594176e-01,  -5.61370216e-05,  -7.50676396e-11,
         -1.63963480e-28]], dtype=float32))
('ROLO Pred in pixel: ', -365.56520462036133, -0.035927693825215101, -3.603246701011642e-08, -1.0493662724703114e-25)
Iter 120, Minibatch Loss= 79.636742
121
('Batch_xs: ', array([[[ 69, 256, 108, 247],
        [ 71, 259, 111, 251],
        [382, 215,  97, 324]]]))
('Batch_ys: ', array([[ 0.82604167,  0.5734375 ,  0.19791667,  0.515625  ]]))
('ROLO Pred: ', array([[ -7.61594176e-01,  -5.30341385e-05,  -4.35766145e-10,
         -1.14510811e-28]], dtype=float32))
('ROLO Pred in pixel: ', -365.56520462036133, -0.033941848669201136, -2.0916774978729791e-07, -7.3286919135701723e-26)
Iter 121, Minibatch Loss= 78.862968
122
('Batch_xs: ', array([[[ 71, 259, 111, 251],
        [382, 215,  97, 324],
        [ 72, 265, 115, 247]]]))
('Batch_ys: ', array([[ 0.81354167,  0.5859375 ,  0.19791667,  0.515625  ]]))
('ROLO Pred: ', array([[ -7.61594176e-01,  -5.49477882e-05,  -1.51526458e-09,
         -1.08934028e-28]], dtype=float32))
('ROLO Pred in pixel: ', -365.56520462036133, -0.035166584420949221, -7.2732699862854133e-07, -6.971777805904352e-26)
Iter 122, Minibatch Loss= 78.237000
123
('Batch_xs: ', array([[[382, 215,  97, 324],
        [ 72, 265, 115, 247],
        [ 88, 270, 121, 242]]]))
('Batch_ys: ', array([[ 0.80104167,  0.6       ,  0.19791667,  0.515625  ]]))
('ROLO Pred: ', array([[ -7.61594176e-01,  -1.78170137e-31,   7.61594176e-01,
         -3.19858657e-36]], dtype=float32))
('ROLO Pred in pixel: ', -365.56520462036133, -1.140288878060358e-28, 365.56520462036133, -2.0470954021306855e-33)
Iter 123, Minibatch Loss= 84.635803
124
('Batch_xs: ', array([[[ 72, 265, 115, 247],
        [ 88, 270, 121, 242],
        [ 88, 273, 128, 243]]]))
('Batch_ys: ', array([[ 0.78854167,  0.615625  ,  0.19791667,  0.515625  ]]))
('ROLO Pred: ', array([[ -7.61594176e-01,  -2.15196284e-03,  -1.52619806e-10,
         -1.77258289e-29]], dtype=float32))
('ROLO Pred in pixel: ', -365.56520462036133, -1.3772562146186829, -7.3257506727486543e-08, -1.1344530485227629e-26)
Iter 124, Minibatch Loss= 77.240166
125
('Batch_xs: ', array([[[ 88, 270, 121, 242],
        [ 88, 273, 128, 243],
        [ 95, 247, 121, 238]]]))
('Batch_ys: ', array([[ 0.77604167,  0.6328125 ,  0.19791667,  0.515625  ]]))
('ROLO Pred: ', array([[ -7.61594176e-01,  -5.99339418e-02,  -3.79452047e-07,
         -1.41633970e-30]], dtype=float32))
('ROLO Pred in pixel: ', -365.56520462036133, -38.357722759246826, -0.00018213698240288068, -9.0645740521625652e-28)
Iter 125, Minibatch Loss= 78.728317
126
('Batch_xs: ', array([[[ 88, 273, 128, 243],
        [ 95, 247, 121, 238],
        [ 91, 266, 130, 244]]]))
('Batch_ys: ', array([[ 0.765625  ,  0.646875  ,  0.19791667,  0.515625  ]]))
('ROLO Pred: ', array([[ -7.61594176e-01,  -4.15776670e-01,  -8.20711534e-07,
         -7.18799411e-30]], dtype=float32))
('ROLO Pred in pixel: ', -365.56520462036133, -266.09706878662109, -0.00039394153645844199, -4.6003162282096976e-27)
Iter 126, Minibatch Loss= 94.120811
127
('Batch_xs: ', array([[[ 95, 247, 121, 238],
        [ 91, 266, 130, 244],
        [ 88, 274, 137, 248]]]))
('Batch_ys: ', array([[ 0.75520833,  0.659375  ,  0.19791667,  0.515625  ]]))
('ROLO Pred: ', array([[ -7.61594176e-01,  -3.73231713e-03,  -7.90538266e-02,
         -3.51316554e-26]], dtype=float32))
('ROLO Pred in pixel: ', -365.56520462036133, -2.3886829614639282, -37.945836782455444, -2.2484259459876744e-23)
Iter 127, Minibatch Loss= 77.073135
128
('Batch_xs: ', array([[[ 91, 266, 130, 244],
        [ 88, 274, 137, 248],
        [ 88, 277, 140, 252]]]))
('Batch_ys: ', array([[ 0.74895833,  0.6671875 ,  0.19791667,  0.515625  ]]))
('ROLO Pred: ', array([[ -7.61594176e-01,  -2.36711174e-01,  -3.12526303e-04,
         -4.15185189e-28]], dtype=float32))
('ROLO Pred in pixel: ', -365.56520462036133, -151.49515151977539, -0.15001262538135052, -2.6571852064508566e-25)
Iter 128, Minibatch Loss= 85.056160
129
('Batch_xs: ', array([[[ 88, 274, 137, 248],
        [ 88, 277, 140, 252],
        [ 96, 275, 148, 270]]]))
('Batch_ys: ', array([[ 0.74479167,  0.6703125 ,  0.19791667,  0.515625  ]]))
('ROLO Pred: ', array([[ -7.61594176e-01,  -6.58321142e-01,  -1.48863273e-05,
         -3.53785386e-28]], dtype=float32))
('ROLO Pred in pixel: ', -365.56520462036133, -421.32553100585938, -0.0071454371209256351, -2.2642264724666536e-25)
Iter 129, Minibatch Loss= 108.445656
130
('Batch_xs: ', array([[[ 88, 277, 140, 252],
        [ 96, 275, 148, 270],
        [102, 277, 155, 283]]]))
('Batch_ys: ', array([[ 0.74375 ,  0.66875 ,  0.2     ,  0.515625]]))
('ROLO Pred: ', array([[ -7.61594176e-01,  -6.73719645e-01,  -1.31347606e-05,
         -4.37939521e-28]], dtype=float32))
('ROLO Pred in pixel: ', -365.56520462036133, -431.18057250976562, -0.0063046850846149027, -2.8028129354889397e-25)
Iter 130, Minibatch Loss= 109.312225
131
('Batch_xs: ', array([[[ 96, 275, 148, 270],
        [102, 277, 155, 283],
        [108, 282, 161, 294]]]))
('Batch_ys: ', array([[ 0.74270833,  0.66484375,  0.20208333,  0.5171875 ]]))
('ROLO Pred: ', array([[ -7.61594176e-01,  -7.80514553e-02,  -2.27612234e-03,
         -8.46482819e-26]], dtype=float32))
('ROLO Pred in pixel: ', -365.56520462036133, -49.95293140411377, -1.0925387218594551, -5.4174900392612676e-23)
Iter 131, Minibatch Loss= 78.079971
132
('Batch_xs: ', array([[[102, 277, 155, 283],
        [108, 282, 161, 294],
        [383, 219,  95, 325]]]))
('Batch_ys: ', array([[ 0.74375   ,  0.6578125 ,  0.20416667,  0.51875   ]]))
('ROLO Pred: ', array([[ -7.61594176e-01,  -1.07997423e-02,   7.18028694e-02,
         -1.12096326e-24]], dtype=float32))
('ROLO Pred in pixel: ', -365.56520462036133, -6.9118350744247437, 34.465377330780029, -7.1741648671665873e-22)
Iter 132, Minibatch Loss= 74.989319
133
('Batch_xs: ', array([[[108, 282, 161, 294],
        [383, 219,  95, 325],
        [107, 285, 162, 294]]]))
('Batch_ys: ', array([[ 0.74270833,  0.65234375,  0.20625   ,  0.5203125 ]]))
('ROLO Pred: ', array([[ -7.61594176e-01,  -3.06035066e-03,   2.90675640e-01,
         -1.75859854e-24]], dtype=float32))
('ROLO Pred in pixel: ', -365.56520462036133, -1.9586244225502014, 139.52430725097656, -1.1255030682296266e-21)
Iter 133, Minibatch Loss= 74.256744
134
('Batch_xs: ', array([[[383, 219,  95, 325],
        [107, 285, 162, 294],
        [140, 285, 144, 283]]]))
('Batch_ys: ', array([[ 0.740625  ,  0.64453125,  0.20625   ,  0.5203125 ]]))
('ROLO Pred: ', array([[ -7.61594176e-01,  -1.00648365e-31,   7.61594176e-01,
         -1.76945444e-37]], dtype=float32))
('ROLO Pred in pixel: ', -365.56520462036133, -6.4414953846529301e-29, 365.56520462036133, -1.1324508385335929e-34)
Iter 134, Minibatch Loss= 81.280380
135
('Batch_xs: ', array([[[107, 285, 162, 294],
        [140, 285, 144, 283],
        [154, 278, 140, 286]]]))
('Batch_ys: ', array([[ 0.740625  ,  0.63359375,  0.20625   ,  0.5203125 ]]))
('ROLO Pred: ', array([[ -7.61594176e-01,  -7.48038292e-03,   1.35717556e-01,
         -6.91441070e-25]], dtype=float32))
('ROLO Pred in pixel: ', -365.56520462036133, -4.787445068359375, 65.144426822662354, -4.4252228484647379e-22)
Iter 135, Minibatch Loss= 73.582115
136
('Batch_xs: ', array([[[140, 285, 144, 283],
        [154, 278, 140, 286],
        [167, 271, 132, 284]]]))
('Batch_ys: ', array([[ 0.7375    ,  0.61875   ,  0.20416667,  0.51875   ]]))
('ROLO Pred: ', array([[ -7.61594176e-01,  -3.87291002e-05,   7.61168480e-01,
         -1.24032098e-30]], dtype=float32))
('ROLO Pred in pixel: ', -365.56520462036133, -0.024786624126136303, 365.36087036132812, -7.9380542942667222e-28)
Iter 136, Minibatch Loss= 80.238380
137
('Batch_xs: ', array([[[154, 278, 140, 286],
        [167, 271, 132, 284],
        [178, 267, 123, 285]]]))
('Batch_ys: ', array([[ 0.734375  ,  0.60390625,  0.20208333,  0.5171875 ]]))
('ROLO Pred: ', array([[ -7.61594176e-01,  -3.66005679e-07,   7.61593342e-01,
         -1.57245277e-30]], dtype=float32))
('ROLO Pred in pixel: ', -365.56520462036133, -0.00023424363462254405, 365.56480407714844, -1.0063697757208946e-27)
Iter 137, Minibatch Loss= 79.579033
138
('Batch_xs: ', array([[[167, 271, 132, 284],
        [178, 267, 123, 285],
        [382, 220,  94, 324]]]))
('Batch_ys: ', array([[ 0.73125  ,  0.5921875,  0.2      ,  0.515625 ]]))
('ROLO Pred: ', array([[ -7.61594176e-01,  -4.89362328e-09,   7.61594176e-01,
         -2.41202342e-31]], dtype=float32))
('ROLO Pred in pixel: ', -365.56520462036133, -3.1319189019995974e-06, 365.56520462036133, -1.5436949917597314e-28)
Iter 138, Minibatch Loss= 79.013168
139
('Batch_xs: ', array([[[178, 267, 123, 285],
        [382, 220,  94, 324],
        [381, 219,  93, 326]]]))
('Batch_ys: ', array([[ 0.73020833,  0.5875    ,  0.19791667,  0.515625  ]]))
('ROLO Pred: ', array([[ -7.61594176e-01,  -3.10376967e-11,   7.61594176e-01,
         -9.58642239e-33]], dtype=float32))
('ROLO Pred in pixel: ', -365.56520462036133, -1.9864125899715646e-08, 365.56520462036133, -6.135310327393682e-30)
Iter 139, Minibatch Loss= 78.855804
140
('Batch_xs: ', array([[[382, 220,  94, 324],
        [381, 219,  93, 326],
        [377, 219,  95, 330]]]))
('Batch_ys: ', array([[ 0.73020833,  0.5875    ,  0.19791667,  0.515625  ]]))
('ROLO Pred: ', array([[ -7.61594176e-01,  -1.20564225e-31,   7.61594176e-01,
         -7.16070634e-38]], dtype=float32))
('ROLO Pred in pixel: ', -365.56520462036133, -7.716110428402091e-29, 365.56520462036133, -4.5828520567435539e-35)
Iter 140, Minibatch Loss= 78.855804
141
('Batch_xs: ', array([[[381, 219,  93, 326],
        [377, 219,  95, 330],
        [376, 218,  95, 330]]]))
('Batch_ys: ', array([[ 0.73229167,  0.5890625 ,  0.19791667,  0.515625  ]]))
('ROLO Pred: ', array([[ -7.61594176e-01,  -3.91408791e-32,   7.61594176e-01,
         -1.07489188e-37]], dtype=float32))
('ROLO Pred in pixel: ', -365.56520462036133, -2.5050162655006171e-29, 365.56520462036133, -6.8793080515582186e-35)
Iter 141, Minibatch Loss= 79.057274
142
('Batch_xs: ', array([[[377, 219,  95, 330],
        [376, 218,  95, 330],
        [376, 211,  94, 329]]]))
('Batch_ys: ', array([[ 0.73229167,  0.5890625 ,  0.19791667,  0.515625  ]]))
('ROLO Pred: ', array([[ -7.61594176e-01,  -2.79042993e-32,   7.61594176e-01,
         -6.51843329e-37]], dtype=float32))
('ROLO Pred in pixel: ', -365.56520462036133, -1.785875152741e-29, 365.56520462036133, -4.1717973086446431e-34)
Iter 142, Minibatch Loss= 79.057274
143
('Batch_xs: ', array([[[376, 218,  95, 330],
        [376, 211,  94, 329],
        [373, 194,  94, 327]]]))
('Batch_ys: ', array([[ 0.73645833,  0.590625  ,  0.19791667,  0.515625  ]]))
('ROLO Pred: ', array([[ -7.61594176e-01,  -2.56257739e-32,   7.61594176e-01,
         -1.22278443e-36]], dtype=float32))
('ROLO Pred in pixel: ', -365.56520462036133, -1.6400495301881594e-29, 365.56520462036133, -7.8258203502320218e-34)
Iter 143, Minibatch Loss= 79.415024
144
('Batch_xs: ', array([[[376, 211,  94, 329],
        [373, 194,  94, 327],
        [362, 186, 100, 323]]]))
('Batch_ys: ', array([[ 0.73854167,  0.5921875 ,  0.19791667,  0.515625  ]]))
('ROLO Pred: ', array([[ -7.61594176e-01,  -8.23101936e-33,   7.61594176e-01,
         -2.34012829e-35]], dtype=float32))
('ROLO Pred in pixel: ', -365.56520462036133, -5.2678523904134136e-30, 365.56520462036133, -1.4976821076903143e-32)
Iter 144, Minibatch Loss= 79.617378
145
('Batch_xs: ', array([[[373, 194,  94, 327],
        [362, 186, 100, 323],
        [192, 246, 122, 337]]]))
('Batch_ys: ', array([[ 0.746875  ,  0.5984375 ,  0.19791667,  0.515625  ]]))
('ROLO Pred: ', array([[ -7.61594176e-01,  -1.36623282e-33,   7.61594176e-01,
         -1.34070185e-31]], dtype=float32))
('ROLO Pred in pixel: ', -365.56520462036133, -8.7438900432102184e-31, 365.56520462036133, -8.5804918615673873e-29)
Iter 145, Minibatch Loss= 80.430199
146
('Batch_xs: ', array([[[362, 186, 100, 323],
        [192, 246, 122, 337],
        [352, 183, 106, 326]]]))
('Batch_ys: ', array([[ 0.753125  ,  0.6046875 ,  0.19791667,  0.515625  ]]))
('ROLO Pred: ', array([[ -7.61594176e-01,  -3.00009668e-32,   7.61594176e-01,
         -2.67219361e-28]], dtype=float32))
('ROLO Pred in pixel: ', -365.56520462036133, -1.920061876587931e-29, 365.56520462036133, -1.7102039120516972e-25)
Iter 146, Minibatch Loss= 81.090569
147
('Batch_xs: ', array([[[192, 246, 122, 337],
        [352, 183, 106, 326],
        [341, 190, 111, 328]]]))
('Batch_ys: ', array([[ 0.759375  ,  0.609375  ,  0.19791667,  0.515625  ]]))
('ROLO Pred: ', array([[ -7.61594176e-01,  -5.17545220e-21,   7.61594176e-01,
         -7.71119084e-27]], dtype=float32))
('ROLO Pred in pixel: ', -365.56520462036133, -3.3122894081098042e-18, 365.56520462036133, -4.9351621407930946e-24)
Iter 147, Minibatch Loss= 81.707161
148
('Batch_xs: ', array([[[352, 183, 106, 326],
        [341, 190, 111, 328],
        [335, 207, 113, 325]]]))
('Batch_ys: ', array([[ 0.76354167,  0.6140625 ,  0.19791667,  0.515625  ]]))
('ROLO Pred: ', array([[ -7.61594176e-01,  -1.24493891e-31,   7.61594176e-01,
         -8.01482741e-26]], dtype=float32))
('ROLO Pred in pixel: ', -365.56520462036133, -7.9676090434328365e-29, 365.56520462036133, -5.1294895445395598e-23)
Iter 148, Minibatch Loss= 82.167831
149
('Batch_xs: ', array([[[341, 190, 111, 328],
        [335, 207, 113, 325],
        [328, 219, 116, 323]]]))
('Batch_ys: ', array([[ 0.76354167,  0.615625  ,  0.19791667,  0.515625  ]]))
('ROLO Pred: ', array([[ -7.61594176e-01,  -2.70216717e-30,   7.61594176e-01,
         -1.10278847e-25]], dtype=float32))
('ROLO Pred in pixel: ', -365.56520462036133, -1.7293869880031956e-27, 365.56520462036133, -7.0578462222864818e-23)
Iter 149, Minibatch Loss= 82.215866
150
('Batch_xs: ', array([[[335, 207, 113, 325],
        [328, 219, 116, 323],
        [320, 227, 119, 323]]]))
('Batch_ys: ', array([[ 0.76354167,  0.615625  ,  0.19791667,  0.5125    ]]))
('ROLO Pred: ', array([[ -7.61594176e-01,  -3.66073180e-28,   7.61594176e-01,
         -8.82396883e-29]], dtype=float32))
('ROLO Pred in pixel: ', -365.56520462036133, -2.3428683550718065e-25, 365.56520462036133, -5.6473400498665492e-26)
Iter 150, Minibatch Loss= 82.135544
151
('Batch_xs: ', array([[[328, 219, 116, 323],
        [320, 227, 119, 323],
        [309, 233, 123, 327]]]))
('Batch_ys: ', array([[ 0.76354167,  0.61328125,  0.19791667,  0.5078125 ]]))
('ROLO Pred: ', array([[ -7.61594176e-01,  -2.46167050e-26,   7.61594176e-01,
         -1.65859996e-30]], dtype=float32))
('ROLO Pred in pixel: ', -365.56520462036133, -1.5754691195195519e-23, 365.56520462036133, -1.0615039740919756e-27)
Iter 151, Minibatch Loss= 81.943970
152
('Batch_xs: ', array([[[320, 227, 119, 323],
        [309, 233, 123, 327],
        [300, 237, 126, 331]]]))
('Batch_ys: ', array([[ 0.76145833,  0.6109375 ,  0.19791667,  0.5       ]]))
('ROLO Pred: ', array([[ -7.61594176e-01,  -4.79110480e-25,   7.61594176e-01,
         -3.20972988e-31]], dtype=float32))
('ROLO Pred in pixel: ', -365.56520462036133, -3.0663070717595042e-22, 365.56520462036133, -2.0542271218020837e-28)
Iter 152, Minibatch Loss= 81.516647
153
('Batch_xs: ', array([[[309, 233, 123, 327],
        [300, 237, 126, 331],
        [294, 241, 127, 332]]]))
('Batch_ys: ', array([[ 0.759375  ,  0.60859375,  0.19791667,  0.4953125 ]]))
('ROLO Pred: ', array([[ -7.61594176e-01,  -3.13947254e-24,   7.61594176e-01,
         -5.81610672e-31]], dtype=float32))
('ROLO Pred in pixel: ', -365.56520462036133, -2.0092624257357881e-21, 365.56520462036133, -3.7223082990200647e-28)
Iter 153, Minibatch Loss= 81.170013
154
('Batch_xs: ', array([[[300, 237, 126, 331],
        [294, 241, 127, 332],
        [288, 244, 127, 333]]]))
('Batch_ys: ', array([[ 0.75729167,  0.60703125,  0.19791667,  0.4921875 ]]))
('ROLO Pred: ', array([[ -7.61594176e-01,  -8.95332199e-24,   7.61594176e-01,
         -1.42671875e-30]], dtype=float32))
('ROLO Pred in pixel: ', -365.56520462036133, -5.7301260762959579e-21, 365.56520462036133, -9.1309999777975886e-28)
Iter 154, Minibatch Loss= 80.887047
155
('Batch_xs: ', array([[[294, 241, 127, 332],
        [288, 244, 127, 333],
        [284, 250, 128, 335]]]))
('Batch_ys: ', array([[ 0.75520833,  0.60390625,  0.19791667,  0.4953125 ]]))
('ROLO Pred: ', array([[ -7.61594176e-01,  -2.74347363e-23,   7.61594176e-01,
         -7.29993089e-31]], dtype=float32))
('ROLO Pred in pixel: ', -365.56520462036133, -1.7558231263403887e-20, 365.56520462036133, -4.6719557665747988e-28)
Iter 155, Minibatch Loss= 80.711487
156
('Batch_xs: ', array([[[288, 244, 127, 333],
        [284, 250, 128, 335],
        [194, 248, 121, 338]]]))
('Batch_ys: ', array([[ 0.75104167,  0.59375   ,  0.19791667,  0.5       ]]))
('ROLO Pred: ', array([[ -7.61594176e-01,  -5.01137616e-23,   7.61594176e-01,
         -3.99503040e-31]], dtype=float32))
('ROLO Pred in pixel: ', -365.56520462036133, -3.207280743816951e-20, 365.56520462036133, -2.5568194551854227e-28)
Iter 156, Minibatch Loss= 80.208466
157
('Batch_xs: ', array([[[284, 250, 128, 335],
        [194, 248, 121, 338],
        [279, 260, 129, 336]]]))
('Batch_ys: ', array([[ 0.746875  ,  0.58359375,  0.19791667,  0.5078125 ]]))
('ROLO Pred: ', array([[ -7.61594176e-01,  -1.28619403e-22,   7.61594176e-01,
         -6.44179485e-32]], dtype=float32))
('ROLO Pred in pixel: ', -365.56520462036133, -8.231641821588139e-20, 365.56520462036133, -4.1227487062999972e-29)
Iter 157, Minibatch Loss= 79.791664
158
('Batch_xs: ', array([[[194, 248, 121, 338],
        [279, 260, 129, 336],
        [280, 263, 128, 335]]]))
('Batch_ys: ', array([[ 0.74270833,  0.5734375 ,  0.19791667,  0.5125    ]]))
('ROLO Pred: ', array([[ -7.61594176e-01,  -2.98883902e-21,   7.61594176e-01,
         -1.57767655e-27]], dtype=float32))
('ROLO Pred in pixel: ', -365.56520462036133, -1.9128569759864665e-18, 365.56520462036133, -1.0097129926965315e-24)
Iter 158, Minibatch Loss= 79.303635
159
('Batch_xs: ', array([[[279, 260, 129, 336],
        [280, 263, 128, 335],
        [281, 266, 124, 332]]]))
('Batch_ys: ', array([[ 0.73854167,  0.5703125 ,  0.19791667,  0.515625  ]]))
('ROLO Pred: ', array([[ -7.61594176e-01,  -9.47400692e-22,   7.61594176e-01,
         -1.45549435e-33]], dtype=float32))
('ROLO Pred in pixel: ', -365.56520462036133, -6.0633644294541114e-19, 365.56520462036133, -9.3151638407889386e-31)
Iter 159, Minibatch Loss= 78.981636
160
('Batch_xs: ', array([[[280, 263, 128, 335],
        [281, 266, 124, 332],
        [286, 266, 120, 330]]]))
('Batch_ys: ', array([[ 0.73229167,  0.56640625,  0.19791667,  0.5078125 ]]))
('ROLO Pred: ', array([[ -7.61594176e-01,  -1.38742291e-21,   7.61594176e-01,
         -1.67780191e-34]], dtype=float32))
('ROLO Pred in pixel: ', -365.56520462036133, -8.8795066410045761e-19, 365.56520462036133, -1.0737932244514325e-31)
Iter 160, Minibatch Loss= 78.202911
161
('Batch_xs: ', array([[[281, 266, 124, 332],
        [286, 266, 120, 330],
        [290, 264, 117, 330]]]))
('Batch_ys: ', array([[ 0.72604167,  0.56015625,  0.19791667,  0.4921875 ]]))
('ROLO Pred: ', array([[ -7.61594176e-01,  -1.37053730e-21,   7.61594176e-01,
         -4.31340635e-36]], dtype=float32))
('ROLO Pred in pixel: ', -365.56520462036133, -8.7714387251487908e-19, 365.56520462036133, -2.7605800654615045e-33)
Iter 161, Minibatch Loss= 77.170410
162
('Batch_xs: ', array([[[286, 266, 120, 330],
        [290, 264, 117, 330],
        [290, 262, 113, 331]]]))
('Batch_ys: ', array([[ 0.71875   ,  0.55234375,  0.19583333,  0.4734375 ]]))
('ROLO Pred: ', array([[ -7.61594176e-01,  -4.37872934e-22,   7.61594176e-01,
         -3.24349453e-37]], dtype=float32))
('ROLO Pred in pixel: ', -365.56520462036133, -2.8023867795750761e-19, 365.56520462036133, -2.0758364972956234e-34)
Iter 162, Minibatch Loss= 76.018272
163
('Batch_xs: ', array([[[290, 264, 117, 330],
        [290, 262, 113, 331],
        [293, 258, 109, 331]]]))
('Batch_ys: ', array([[ 0.71458333,  0.546875  ,  0.19583333,  0.45625   ]]))
('ROLO Pred: ', array([[ -7.61594176e-01,  -7.96480355e-23,   7.61594176e-01,
         -1.42662094e-37]], dtype=float32))
('ROLO Pred in pixel: ', -365.56520462036133, -5.0974742715671073e-20, 365.56520462036133, -9.1303739936643893e-35)
Iter 163, Minibatch Loss= 75.160538
164
('Batch_xs: ', array([[[290, 262, 113, 331],
        [293, 258, 109, 331],
        [297, 254, 105, 329]]]))
('Batch_ys: ', array([[ 0.71145833,  0.5453125 ,  0.19375   ,  0.45      ]]))
('ROLO Pred: ', array([[ -7.61594176e-01,  -9.83120112e-24,   7.61594176e-01,
         -7.65061429e-38]], dtype=float32))
('ROLO Pred in pixel: ', -365.56520462036133, -6.2919687164302117e-21, 365.56520462036133, -4.8963931486556174e-35)
Iter 164, Minibatch Loss= 74.804916
165
('Batch_xs: ', array([[[293, 258, 109, 331],
        [297, 254, 105, 329],
        [297, 246, 101, 330]]]))
('Batch_ys: ', array([[ 0.7125    ,  0.55078125,  0.19166667,  0.4515625 ]]))
('ROLO Pred: ', array([[ -7.61594176e-01,  -9.82613427e-25,   7.61594176e-01,
         -6.75375581e-38]], dtype=float32))
('ROLO Pred in pixel: ', -365.56520462036133, -6.2887259301299016e-22, 365.56520462036133, -4.3224037197802359e-35)
Iter 165, Minibatch Loss= 75.125992
166
('Batch_xs: ', array([[[297, 254, 105, 329],
        [297, 246, 101, 330],
        [296, 239, 101, 331]]]))
('Batch_ys: ', array([[ 0.7125    ,  0.55859375,  0.19166667,  0.4546875 ]]))
('ROLO Pred: ', array([[ -7.61594176e-01,  -1.79519462e-25,   7.61594176e-01,
         -4.24672356e-38]], dtype=float32))
('ROLO Pred in pixel: ', -365.56520462036133, -1.1489245536094738e-22, 365.56520462036133, -2.7179030772475542e-35)
Iter 166, Minibatch Loss= 75.413467
167
('Batch_xs: ', array([[[297, 246, 101, 330],
        [296, 239, 101, 331],
        [196, 251, 118, 340]]]))
('Batch_ys: ', array([[ 0.71354167,  0.56953125,  0.18958333,  0.4578125 ]]))
('ROLO Pred: ', array([[ -7.61594176e-01,  -8.52644238e-27,   7.61594176e-01,
         -4.52266815e-37]], dtype=float32))
('ROLO Pred in pixel: ', -365.56520462036133, -5.4569231251533898e-24, 365.56520462036133, -2.8945076151201047e-34)
Iter 167, Minibatch Loss= 75.929504
168
('Batch_xs: ', array([[[296, 239, 101, 331],
        [196, 251, 118, 340],
        [295, 230, 101, 333]]]))
('Batch_ys: ', array([[ 0.71666667,  0.57890625,  0.1875    ,  0.4609375 ]]))
('ROLO Pred: ', array([[ -7.61594176e-01,  -2.15074567e-27,   7.61594176e-01,
         -1.86997374e-35]], dtype=float32))
('ROLO Pred in pixel: ', -365.56520462036133, -1.3764772305443215e-24, 365.56520462036133, -1.1967831963641522e-32)
Iter 168, Minibatch Loss= 76.560867
169
('Batch_xs: ', array([[[196, 251, 118, 340],
        [295, 230, 101, 333],
        [294, 220, 100, 336]]]))
('Batch_ys: ', array([[ 0.71875,  0.5875 ,  0.1875 ,  0.4625 ]]))
('ROLO Pred: ', array([[ -7.61594176e-01,  -7.09789527e-22,   7.61594176e-01,
         -9.20239540e-29]], dtype=float32))
('ROLO Pred in pixel: ', -365.56520462036133, -4.5426529731167508e-19, 365.56520462036133, -5.8895330589070327e-26)
Iter 169, Minibatch Loss= 77.001640
170
('Batch_xs: ', array([[[295, 230, 101, 333],
        [294, 220, 100, 336],
        [294, 211, 100, 340]]]))
('Batch_ys: ', array([[ 0.721875  ,  0.59609375,  0.18541667,  0.4609375 ]]))
('ROLO Pred: ', array([[ -7.61594176e-01,  -2.80675930e-28,   7.61594176e-01,
         -2.32319542e-33]], dtype=float32))
('ROLO Pred in pixel: ', -365.56520462036133, -1.7963259524864546e-25, 365.56520462036133, -1.4868450709864501e-30)
Iter 170, Minibatch Loss= 77.511314
171
('Batch_xs: ', array([[[294, 220, 100, 336],
        [294, 211, 100, 340],
        [295, 204,  98, 340]]]))
('Batch_ys: ', array([[ 0.72708333,  0.6046875 ,  0.18333333,  0.45625   ]]))
('ROLO Pred: ', array([[ -7.61594176e-01,  -1.55379213e-29,   7.61594176e-01,
         -3.42556193e-31]], dtype=float32))
('ROLO Pred in pixel: ', -365.56520462036133, -9.9442696376512781e-27, 365.56520462036133, -2.1923596322383972e-28)
Iter 171, Minibatch Loss= 78.108940
172
('Batch_xs: ', array([[[294, 211, 100, 340],
        [295, 204,  98, 340],
        [300, 206,  93, 334]]]))
('Batch_ys: ', array([[ 0.734375  ,  0.61015625,  0.18125   ,  0.4484375 ]]))
('ROLO Pred: ', array([[ -7.61594176e-01,  -9.49940401e-31,   7.61594176e-01,
         -4.59527577e-29]], dtype=float32))
('ROLO Pred in pixel: ', -365.56520462036133, -6.0796185647805371e-28, 365.56520462036133, -2.9409764919159567e-26)
Iter 172, Minibatch Loss= 78.702751
173
('Batch_xs: ', array([[[295, 204,  98, 340],
        [300, 206,  93, 334],
        [305, 213,  87, 327]]]))
('Batch_ys: ', array([[ 0.740625 ,  0.6140625,  0.18125  ,  0.440625 ]]))
('ROLO Pred: ', array([[ -7.61594176e-01,  -1.40859265e-31,   7.61594176e-01,
         -5.56372368e-28]], dtype=float32))
('ROLO Pred in pixel: ', -365.56520462036133, -9.0149929417669156e-29, 365.56520462036133, -3.5607831569971446e-25)
Iter 173, Minibatch Loss= 79.117134
174
('Batch_xs: ', array([[[300, 206,  93, 334],
        [305, 213,  87, 327],
        [310, 222,  82, 318]]]))
('Batch_ys: ', array([[ 0.74791667,  0.6140625 ,  0.17916667,  0.434375  ]]))
('ROLO Pred: ', array([[ -7.61594176e-01,  -1.68849066e-31,   7.61594176e-01,
         -6.62461897e-30]], dtype=float32))
('ROLO Pred in pixel: ', -365.56520462036133, -1.0806340255809864e-28, 365.56520462036133, -4.2397561425661578e-27)
Iter 174, Minibatch Loss= 79.589966
175
('Batch_xs: ', array([[[305, 213,  87, 327],
        [310, 222,  82, 318],
        [313, 229,  79, 310]]]))
('Batch_ys: ', array([[ 0.753125  ,  0.61015625,  0.17708333,  0.4265625 ]]))
('ROLO Pred: ', array([[ -7.61594176e-01,  -4.40743237e-31,   7.61594176e-01,
         -3.82872396e-33]], dtype=float32))
('ROLO Pred in pixel: ', -365.56520462036133, -2.8207567188546486e-28, 365.56520462036133, -2.450383331774964e-30)
Iter 175, Minibatch Loss= 79.756836
176
('Batch_xs: ', array([[[310, 222,  82, 318],
        [313, 229,  79, 310],
        [316, 238,  79, 301]]]))
('Batch_ys: ', array([[ 0.76145833,  0.60625   ,  0.17708333,  0.41875   ]]))
('ROLO Pred: ', array([[ -7.61594176e-01,  -4.47109038e-30,   7.61594176e-01,
         -1.02109808e-36]], dtype=float32))
('ROLO Pred in pixel: ', -365.56520462036133, -2.8614978408982162e-27, 365.56520462036133, -6.5350276819270783e-34)
Iter 176, Minibatch Loss= 80.105804
177
('Batch_xs: ', array([[[313, 229,  79, 310],
        [316, 238,  79, 301],
        [317, 244,  80, 295]]]))
('Batch_ys: ', array([[ 0.76666667,  0.60078125,  0.175     ,  0.4109375 ]]))
('ROLO Pred: ', array([[ -7.61594176e-01,  -5.61239398e-29,   7.61594176e-01,
          0.00000000e+00]], dtype=float32))
('ROLO Pred in pixel: ', -365.56520462036133, -3.5919321464340927e-26, 365.56520462036133, 0.0)
Iter 177, Minibatch Loss= 80.237038
178
('Batch_xs: ', array([[[316, 238,  79, 301],
        [317, 244,  80, 295],
        [197, 253, 115, 345]]]))
('Batch_ys: ', array([[ 0.77291667,  0.59765625,  0.175     ,  0.4046875 ]]))
('ROLO Pred: ', array([[ -7.61594176e-01,  -3.98752239e-27,   7.61594176e-01,
          0.00000000e+00]], dtype=float32))
('ROLO Pred in pixel: ', -365.56520462036133, -2.5520143321965495e-24, 365.56520462036133, 0.0)
Iter 178, Minibatch Loss= 80.494537
179
('Batch_xs: ', array([[[317, 244,  80, 295],
        [197, 253, 115, 345],
        [317, 249,  81, 289]]]))
('Batch_ys: ', array([[ 0.77708333,  0.5953125 ,  0.175     ,  0.4       ]]))
('ROLO Pred: ', array([[ -7.61594176e-01,  -1.05773465e-25,   7.61594176e-01,
          0.00000000e+00]], dtype=float32))
('ROLO Pred in pixel: ', -365.56520462036133, -6.7695017842100975e-23, 365.56520462036133, 0.0)
Iter 179, Minibatch Loss= 80.650444
180
('Batch_xs: ', array([[[197, 253, 115, 345],
        [317, 249,  81, 289],
        [319, 255,  81, 284]]]))
('Batch_ys: ', array([[ 0.77916667,  0.5890625 ,  0.175     ,  0.396875  ]]))
('ROLO Pred: ', array([[ -7.61594176e-01,  -5.61193944e-23,   7.61594176e-01,
         -1.37631392e-29]], dtype=float32))
('ROLO Pred in pixel: ', -365.56520462036133, -3.5916412418219041e-20, 365.56520462036133, -8.8084091195251571e-27)
Iter 180, Minibatch Loss= 80.563530
181
('Batch_xs: ', array([[[317, 249,  81, 289],
        [319, 255,  81, 284],
        [322, 259,  82, 280]]]))
('Batch_ys: ', array([[ 0.78125   ,  0.57890625,  0.175     ,  0.3953125 ]]))
('ROLO Pred: ', array([[ -7.61594176e-01,  -2.58603830e-24,   7.61594176e-01,
          0.00000000e+00]], dtype=float32))
('ROLO Pred in pixel: ', -365.56520462036133, -1.655064510380278e-21, 365.56520462036133, 0.0)
Iter 181, Minibatch Loss= 80.396637
182
('Batch_xs: ', array([[[319, 255,  81, 284],
        [322, 259,  82, 280],
        [323, 265,  83, 276]]]))
('Batch_ys: ', array([[ 0.78333333,  0.5671875 ,  0.175     ,  0.39375   ]]))
('ROLO Pred: ', array([[ -7.61594176e-01,  -3.15616527e-23,   7.61594176e-01,
          0.00000000e+00]], dtype=float32))
('ROLO Pred in pixel: ', -365.56520462036133, -2.0199457733376918e-20, 365.56520462036133, 0.0)
Iter 182, Minibatch Loss= 80.190872
183
('Batch_xs: ', array([[[322, 259,  82, 280],
        [323, 265,  83, 276],
        [323, 267,  84, 274]]]))
('Batch_ys: ', array([[ 0.78541667,  0.55703125,  0.175     ,  0.3921875 ]]))
('ROLO Pred: ', array([[ -7.61594176e-01,  -2.63862588e-22,   7.61594176e-01,
          0.00000000e+00]], dtype=float32))
('ROLO Pred in pixel: ', -365.56520462036133, -1.6887205629174035e-19, 365.56520462036133, 0.0)
Iter 183, Minibatch Loss= 80.035767
184
Traceback (most recent call last):
  File "experiments/training/only.py", line 365, in <module>
    main(' ')
  File "experiments/training/only.py", line 362, in main
    ROLO_TF(argvs)
  File "experiments/training/only.py", line 98, in __init__
    self.ROLO(argvs)
  File "experiments/training/only.py", line 358, in ROLO
    self.train_30_2()
  File "experiments/training/only.py", line 289, in train_30_2
    batch_xs = self.rolo_utils.load_yolo_output_test_4(x_path, self.batch_size, self.num_steps, id) # [num_of_examples, num_input] (depth == 1)
  File "/home1/fuhao/tracking/ROLO/utils/ROLO_utils.py", line 342, in load_yolo_output_test_4
    yolo_output = np.load(path)
  File "/usr/local/lib/python2.7/dist-packages/numpy/lib/npyio.py", line 392, in load
    fid.seek(-N, 1)  # back-up
IOError: [Errno 22] Invalid argument
